{"/home/travis/build/npmtest/node-npmtest-passport/test.js":{"path":"/home/travis/build/npmtest/node-npmtest-passport/test.js","s":{"1":2,"2":2,"3":2,"4":2,"5":2,"6":2,"7":2,"8":1,"9":2,"10":2,"11":1,"12":1,"13":1,"14":1,"15":2,"16":2,"17":2,"18":2,"19":1,"20":1,"21":2,"22":2,"23":2,"24":1,"25":1,"26":1,"27":1,"28":1,"29":1,"30":1,"31":1,"32":1,"33":1,"34":1,"35":1,"36":1,"37":2,"38":2,"39":1,"40":2,"41":2,"42":1,"43":2,"44":2,"45":1,"46":2,"47":2,"48":1,"49":1,"50":1,"51":1,"52":1},"b":{"1":[2,1,1,1],"2":[1,1,1,1],"3":[1,1],"4":[1,1],"5":[1,1],"6":[1,1],"7":[1,1],"8":[1,1],"9":[1,1,1],"10":[1,1],"11":[1,1],"12":[1,1],"13":[1,1],"14":[1,1],"15":[1,1],"16":[1,1]},"f":{"1":2,"2":2,"3":2,"4":2,"5":2,"6":1,"7":1,"8":2,"9":2,"10":2,"11":2,"12":1},"fnMap":{"1":{"name":"(anonymous_1)","line":12,"loc":{"start":{"line":12,"column":1},"end":{"line":12,"column":13}}},"2":{"name":"(anonymous_2)","line":19,"loc":{"start":{"line":19,"column":5},"end":{"line":19,"column":17}}},"3":{"name":"(anonymous_3)","line":23,"loc":{"start":{"line":23,"column":24},"end":{"line":23,"column":36}}},"4":{"name":"(anonymous_4)","line":61,"loc":{"start":{"line":61,"column":5},"end":{"line":61,"column":17}}},"5":{"name":"(anonymous_5)","line":82,"loc":{"start":{"line":82,"column":5},"end":{"line":82,"column":17}}},"6":{"name":"(anonymous_6)","line":102,"loc":{"start":{"line":102,"column":83},"end":{"line":105,"column":10}},"skip":true},"7":{"name":"(anonymous_7)","line":113,"loc":{"start":{"line":113,"column":77},"end":{"line":116,"column":10}},"skip":true},"8":{"name":"(anonymous_8)","line":129,"loc":{"start":{"line":129,"column":12},"end":{"line":129,"column":40}},"skip":true},"9":{"name":"(anonymous_9)","line":137,"loc":{"start":{"line":137,"column":77},"end":{"line":140,"column":10}},"skip":true},"10":{"name":"(anonymous_10)","line":148,"loc":{"start":{"line":148,"column":83},"end":{"line":151,"column":10}},"skip":true},"11":{"name":"(anonymous_11)","line":159,"loc":{"start":{"line":159,"column":79},"end":{"line":162,"column":10}},"skip":true},"12":{"name":"(anonymous_12)","line":170,"loc":{"start":{"line":170,"column":75},"end":{"line":173,"column":10}},"skip":true}},"statementMap":{"1":{"start":{"line":12,"column":0},"end":{"line":185,"column":5}},"2":{"start":{"line":14,"column":4},"end":{"line":14,"column":14}},"3":{"start":{"line":19,"column":4},"end":{"line":56,"column":9}},"4":{"start":{"line":21,"column":8},"end":{"line":21,"column":19}},"5":{"start":{"line":23,"column":8},"end":{"line":35,"column":13}},"6":{"start":{"line":24,"column":12},"end":{"line":34,"column":13}},"7":{"start":{"line":25,"column":16},"end":{"line":28,"column":30}},"8":{"start":{"line":30,"column":16},"end":{"line":33,"column":27}},"9":{"start":{"line":37,"column":8},"end":{"line":39,"column":21}},"10":{"start":{"line":40,"column":8},"end":{"line":53,"column":9}},"11":{"start":{"line":43,"column":12},"end":{"line":46,"column":14}},"12":{"start":{"line":47,"column":12},"end":{"line":47,"column":18}},"13":{"start":{"line":50,"column":12},"end":{"line":51,"column":46}},"14":{"start":{"line":52,"column":12},"end":{"line":52,"column":18}},"15":{"start":{"line":55,"column":8},"end":{"line":55,"column":35}},"16":{"start":{"line":61,"column":4},"end":{"line":63,"column":9}},"17":{"start":{"line":62,"column":8},"end":{"line":62,"column":15}},"18":{"start":{"line":64,"column":4},"end":{"line":77,"column":5}},"19":{"start":{"line":70,"column":8},"end":{"line":70,"column":14}},"20":{"start":{"line":76,"column":8},"end":{"line":76,"column":14}},"21":{"start":{"line":82,"column":4},"end":{"line":84,"column":9}},"22":{"start":{"line":83,"column":8},"end":{"line":83,"column":15}},"23":{"start":{"line":85,"column":4},"end":{"line":184,"column":5}},"24":{"start":{"line":92,"column":8},"end":{"line":94,"column":63}},"25":{"start":{"line":95,"column":8},"end":{"line":95,"column":14}},"26":{"start":{"line":102,"column":8},"end":{"line":111,"column":10},"skip":true},"27":{"start":{"line":109,"column":12},"end":{"line":109,"column":55},"skip":true},"28":{"start":{"line":110,"column":12},"end":{"line":110,"column":48},"skip":true},"29":{"start":{"line":113,"column":8},"end":{"line":126,"column":10},"skip":true},"30":{"start":{"line":120,"column":12},"end":{"line":120,"column":76},"skip":true},"31":{"start":{"line":121,"column":12},"end":{"line":121,"column":73},"skip":true},"32":{"start":{"line":122,"column":12},"end":{"line":122,"column":74},"skip":true},"33":{"start":{"line":123,"column":12},"end":{"line":123,"column":79},"skip":true},"34":{"start":{"line":124,"column":12},"end":{"line":124,"column":25},"skip":true},"35":{"start":{"line":125,"column":12},"end":{"line":125,"column":45},"skip":true},"36":{"start":{"line":128,"column":8},"end":{"line":135,"column":14},"skip":true},"37":{"start":{"line":133,"column":16},"end":{"line":133,"column":29},"skip":true},"38":{"start":{"line":134,"column":16},"end":{"line":134,"column":55},"skip":true},"39":{"start":{"line":137,"column":8},"end":{"line":146,"column":10},"skip":true},"40":{"start":{"line":144,"column":12},"end":{"line":144,"column":25},"skip":true},"41":{"start":{"line":145,"column":12},"end":{"line":145,"column":45},"skip":true},"42":{"start":{"line":148,"column":8},"end":{"line":157,"column":10},"skip":true},"43":{"start":{"line":155,"column":12},"end":{"line":155,"column":25},"skip":true},"44":{"start":{"line":156,"column":12},"end":{"line":156,"column":48},"skip":true},"45":{"start":{"line":159,"column":8},"end":{"line":168,"column":10},"skip":true},"46":{"start":{"line":166,"column":12},"end":{"line":166,"column":25},"skip":true},"47":{"start":{"line":167,"column":12},"end":{"line":167,"column":46},"skip":true},"48":{"start":{"line":170,"column":8},"end":{"line":179,"column":10},"skip":true},"49":{"start":{"line":177,"column":12},"end":{"line":177,"column":94},"skip":true},"50":{"start":{"line":178,"column":12},"end":{"line":178,"column":48},"skip":true},"51":{"start":{"line":182,"column":8},"end":{"line":182,"column":35},"skip":true},"52":{"start":{"line":183,"column":8},"end":{"line":183,"column":14},"skip":true}},"branchMap":{"1":{"line":25,"type":"binary-expr","locations":[{"start":{"line":25,"column":23},"end":{"line":25,"column":62}},{"start":{"line":26,"column":20},"end":{"line":26,"column":70}},{"start":{"line":27,"column":20},"end":{"line":27,"column":71}},{"start":{"line":28,"column":20},"end":{"line":28,"column":29}}]},"2":{"line":30,"type":"binary-expr","locations":[{"start":{"line":30,"column":23},"end":{"line":30,"column":37}},{"start":{"line":31,"column":20},"end":{"line":31,"column":61}},{"start":{"line":32,"column":20},"end":{"line":32,"column":70}},{"start":{"line":33,"column":20},"end":{"line":33,"column":26}}]},"3":{"line":37,"type":"cond-expr","locations":[{"start":{"line":38,"column":14},"end":{"line":38,"column":20}},{"start":{"line":39,"column":14},"end":{"line":39,"column":20}}]},"4":{"line":40,"type":"switch","locations":[{"start":{"line":42,"column":8},"end":{"line":47,"column":18}},{"start":{"line":49,"column":8},"end":{"line":52,"column":18}}]},"5":{"line":44,"type":"binary-expr","locations":[{"start":{"line":44,"column":16},"end":{"line":44,"column":44}},{"start":{"line":44,"column":48},"end":{"line":44,"column":66}}]},"6":{"line":50,"type":"binary-expr","locations":[{"start":{"line":50,"column":21},"end":{"line":50,"column":49}},{"start":{"line":50,"column":53},"end":{"line":50,"column":72}}]},"7":{"line":64,"type":"switch","locations":[{"start":{"line":69,"column":4},"end":{"line":70,"column":14}},{"start":{"line":75,"column":4},"end":{"line":76,"column":14}}]},"8":{"line":85,"type":"switch","locations":[{"start":{"line":90,"column":4},"end":{"line":95,"column":14}},{"start":{"line":101,"column":4},"end":{"line":183,"column":14},"skip":true}]},"9":{"line":92,"type":"binary-expr","locations":[{"start":{"line":92,"column":18},"end":{"line":92,"column":32}},{"start":{"line":93,"column":12},"end":{"line":93,"column":53}},{"start":{"line":94,"column":12},"end":{"line":94,"column":61}}]},"10":{"line":102,"type":"binary-expr","locations":[{"start":{"line":102,"column":45},"end":{"line":102,"column":79},"skip":true},{"start":{"line":102,"column":83},"end":{"line":111,"column":9},"skip":true}]},"11":{"line":113,"type":"binary-expr","locations":[{"start":{"line":113,"column":42},"end":{"line":113,"column":73},"skip":true},{"start":{"line":113,"column":77},"end":{"line":126,"column":9},"skip":true}]},"12":{"line":128,"type":"binary-expr","locations":[{"start":{"line":128,"column":48},"end":{"line":128,"column":85},"skip":true},{"start":{"line":129,"column":12},"end":{"line":135,"column":13},"skip":true}]},"13":{"line":137,"type":"binary-expr","locations":[{"start":{"line":137,"column":42},"end":{"line":137,"column":73},"skip":true},{"start":{"line":137,"column":77},"end":{"line":146,"column":9},"skip":true}]},"14":{"line":148,"type":"binary-expr","locations":[{"start":{"line":148,"column":45},"end":{"line":148,"column":79},"skip":true},{"start":{"line":148,"column":83},"end":{"line":157,"column":9},"skip":true}]},"15":{"line":159,"type":"binary-expr","locations":[{"start":{"line":159,"column":43},"end":{"line":159,"column":75},"skip":true},{"start":{"line":159,"column":79},"end":{"line":168,"column":9},"skip":true}]},"16":{"line":170,"type":"binary-expr","locations":[{"start":{"line":170,"column":41},"end":{"line":170,"column":71},"skip":true},{"start":{"line":170,"column":75},"end":{"line":179,"column":9},"skip":true}]}},"code":["/* istanbul instrument in package npmtest_passport */","/*jslint","    bitwise: true,","    browser: true,","    maxerr: 8,","    maxlen: 96,","    node: true,","    nomen: true,","    regexp: true,","    stupid: true","*/","(function () {","    'use strict';","    var local;","","","","    // run shared js-env code - pre-init","    (function () {","        // init local","        local = {};","        // init modeJs","        local.modeJs = (function () {","            try {","                return typeof navigator.userAgent === 'string' &&","                    typeof document.querySelector('body') === 'object' &&","                    typeof XMLHttpRequest.prototype.open === 'function' &&","                    'browser';","            } catch (errorCaughtBrowser) {","                return module.exports &&","                    typeof process.versions.node === 'string' &&","                    typeof require('http').createServer === 'function' &&","                    'node';","            }","        }());","        // init global","        local.global = local.modeJs === 'browser'","            ? window","            : global;","        switch (local.modeJs) {","        // re-init local from window.local","        case 'browser':","            local = local.global.utility2.objectSetDefault(","                local.global.utility2_rollup || local.global.local,","                local.global.utility2","            );","            break;","        // re-init local from example.js","        case 'node':","            local = (local.global.utility2_rollup || require('utility2'))","                .requireExampleJsFromReadme();","            break;","        }","        // export local","        local.global.local = local;","    }());","","","","    // run shared js-env code - function","    (function () {","        return;","    }());","    switch (local.modeJs) {","","","","    // run browser js-env code - function","    case 'browser':","        break;","","","","    // run node js-env code - function","    case 'node':","        break;","    }","","","","    // run shared js-env code - post-init","    (function () {","        return;","    }());","    switch (local.modeJs) {","","","","    // run browser js-env code - post-init","    case 'browser':","        // run tests","        local.nop(local.modeTest &&","            document.querySelector('#testRunButton1') &&","            document.querySelector('#testRunButton1').click());","        break;","","","","    // run node js-env code - post-init","    /* istanbul ignore next */","    case 'node':","        local.testCase_buildApidoc_default = local.testCase_buildApidoc_default || function (","            options,","            onError","        ) {","        /*","         * this function will test buildApidoc's default handling-behavior-behavior","         */","            options = { modulePathList: module.paths };","            local.buildApidoc(options, onError);","        };","","        local.testCase_buildApp_default = local.testCase_buildApp_default || function (","            options,","            onError","        ) {","        /*","         * this function will test buildApp's default handling-behavior-behavior","         */","            local.testCase_buildReadme_default(options, local.onErrorThrow);","            local.testCase_buildLib_default(options, local.onErrorThrow);","            local.testCase_buildTest_default(options, local.onErrorThrow);","            local.testCase_buildCustomOrg_default(options, local.onErrorThrow);","            options = [];","            local.buildApp(options, onError);","        };","","        local.testCase_buildCustomOrg_default = local.testCase_buildCustomOrg_default ||","            function (options, onError) {","            /*","             * this function will test buildCustomOrg's default handling-behavior","             */","                options = {};","                local.buildCustomOrg(options, onError);","            };","","        local.testCase_buildLib_default = local.testCase_buildLib_default || function (","            options,","            onError","        ) {","        /*","         * this function will test buildLib's default handling-behavior","         */","            options = {};","            local.buildLib(options, onError);","        };","","        local.testCase_buildReadme_default = local.testCase_buildReadme_default || function (","            options,","            onError","        ) {","        /*","         * this function will test buildReadme's default handling-behavior-behavior","         */","            options = {};","            local.buildReadme(options, onError);","        };","","        local.testCase_buildTest_default = local.testCase_buildTest_default || function (","            options,","            onError","        ) {","        /*","         * this function will test buildTest's default handling-behavior","         */","            options = {};","            local.buildTest(options, onError);","        };","","        local.testCase_webpage_default = local.testCase_webpage_default || function (","            options,","            onError","        ) {","        /*","         * this function will test webpage's default handling-behavior","         */","            options = { modeCoverageMerge: true, url: local.serverLocalHost + '?modeTest=1' };","            local.browserTest(options, onError);","        };","","        // run test-server","        local.testRunServer(local);","        break;","    }","}());",""],"l":{"12":2,"14":2,"19":2,"21":2,"23":2,"24":2,"25":2,"30":1,"37":2,"40":2,"43":1,"47":1,"50":1,"52":1,"55":2,"61":2,"62":2,"64":2,"70":1,"76":1,"82":2,"83":2,"85":2,"92":1,"95":1,"102":1,"109":1,"110":1,"113":1,"120":1,"121":1,"122":1,"123":1,"124":1,"125":1,"128":1,"133":2,"134":2,"137":1,"144":2,"145":2,"148":1,"155":2,"156":2,"159":1,"166":2,"167":2,"170":1,"177":1,"178":1,"182":1,"183":1}},"/home/travis/build/npmtest/node-npmtest-passport/lib.npmtest_passport.js":{"path":"/home/travis/build/npmtest/node-npmtest-passport/lib.npmtest_passport.js","s":{"1":2,"2":2,"3":2,"4":2,"5":2,"6":2,"7":2,"8":1,"9":2,"10":2,"11":2,"12":2,"13":1,"14":1,"15":1,"16":1},"b":{"1":[2,1,1,1],"2":[1,1,1,1],"3":[1,1],"4":[2,2],"5":[1,1]},"f":{"1":2,"2":2,"3":2},"fnMap":{"1":{"name":"(anonymous_1)","line":12,"loc":{"start":{"line":12,"column":1},"end":{"line":12,"column":13}}},"2":{"name":"(anonymous_2)","line":19,"loc":{"start":{"line":19,"column":5},"end":{"line":19,"column":17}}},"3":{"name":"(anonymous_3)","line":23,"loc":{"start":{"line":23,"column":24},"end":{"line":23,"column":36}}}},"statementMap":{"1":{"start":{"line":12,"column":0},"end":{"line":53,"column":5}},"2":{"start":{"line":14,"column":4},"end":{"line":14,"column":14}},"3":{"start":{"line":19,"column":4},"end":{"line":52,"column":9}},"4":{"start":{"line":21,"column":8},"end":{"line":21,"column":19}},"5":{"start":{"line":23,"column":8},"end":{"line":35,"column":13}},"6":{"start":{"line":24,"column":12},"end":{"line":34,"column":13}},"7":{"start":{"line":25,"column":16},"end":{"line":28,"column":30}},"8":{"start":{"line":30,"column":16},"end":{"line":33,"column":27}},"9":{"start":{"line":37,"column":8},"end":{"line":39,"column":21}},"10":{"start":{"line":41,"column":8},"end":{"line":41,"column":54}},"11":{"start":{"line":43,"column":8},"end":{"line":43,"column":53}},"12":{"start":{"line":45,"column":8},"end":{"line":51,"column":9}},"13":{"start":{"line":46,"column":12},"end":{"line":46,"column":59}},"14":{"start":{"line":48,"column":12},"end":{"line":48,"column":35}},"15":{"start":{"line":49,"column":12},"end":{"line":49,"column":49}},"16":{"start":{"line":50,"column":12},"end":{"line":50,"column":43}}},"branchMap":{"1":{"line":25,"type":"binary-expr","locations":[{"start":{"line":25,"column":23},"end":{"line":25,"column":62}},{"start":{"line":26,"column":20},"end":{"line":26,"column":70}},{"start":{"line":27,"column":20},"end":{"line":27,"column":71}},{"start":{"line":28,"column":20},"end":{"line":28,"column":29}}]},"2":{"line":30,"type":"binary-expr","locations":[{"start":{"line":30,"column":23},"end":{"line":30,"column":37}},{"start":{"line":31,"column":20},"end":{"line":31,"column":61}},{"start":{"line":32,"column":20},"end":{"line":32,"column":70}},{"start":{"line":33,"column":20},"end":{"line":33,"column":26}}]},"3":{"line":37,"type":"cond-expr","locations":[{"start":{"line":38,"column":14},"end":{"line":38,"column":20}},{"start":{"line":39,"column":14},"end":{"line":39,"column":20}}]},"4":{"line":41,"type":"binary-expr","locations":[{"start":{"line":41,"column":16},"end":{"line":41,"column":44}},{"start":{"line":41,"column":48},"end":{"line":41,"column":53}}]},"5":{"line":45,"type":"if","locations":[{"start":{"line":45,"column":8},"end":{"line":45,"column":8}},{"start":{"line":45,"column":8},"end":{"line":45,"column":8}}]}},"code":["/* istanbul instrument in package npmtest_passport */","/*jslint","    bitwise: true,","    browser: true,","    maxerr: 8,","    maxlen: 96,","    node: true,","    nomen: true,","    regexp: true,","    stupid: true","*/","(function () {","    'use strict';","    var local;","","","","    // run shared js-env code - pre-init","    (function () {","        // init local","        local = {};","        // init modeJs","        local.modeJs = (function () {","            try {","                return typeof navigator.userAgent === 'string' &&","                    typeof document.querySelector('body') === 'object' &&","                    typeof XMLHttpRequest.prototype.open === 'function' &&","                    'browser';","            } catch (errorCaughtBrowser) {","                return module.exports &&","                    typeof process.versions.node === 'string' &&","                    typeof require('http').createServer === 'function' &&","                    'node';","            }","        }());","        // init global","        local.global = local.modeJs === 'browser'","            ? window","            : global;","        // init utility2_rollup","        local = local.global.utility2_rollup || local;","        // init lib","        local.local = local.npmtest_passport = local;","        // init exports","        if (local.modeJs === 'browser') {","            local.global.utility2_npmtest_passport = local;","        } else {","            module.exports = local;","            module.exports.__dirname = __dirname;","            module.exports.module = module;","        }","    }());","}());",""],"l":{"12":2,"14":2,"19":2,"21":2,"23":2,"24":2,"25":2,"30":1,"37":2,"41":2,"43":2,"45":2,"46":1,"48":1,"49":1,"50":1}},"/home/travis/build/npmtest/node-npmtest-passport/example.js":{"path":"/home/travis/build/npmtest/node-npmtest-passport/example.js","s":{"1":2,"2":2,"3":2,"4":2,"5":2,"6":2,"7":2,"8":1,"9":2,"10":2,"11":2,"12":2,"13":1,"14":2,"15":2,"16":2,"17":2,"18":2,"19":0,"20":2,"21":1,"22":1,"23":1,"24":1,"25":1,"26":0,"27":0,"28":1,"29":1,"30":2,"31":0,"32":0,"33":0,"34":1,"35":2,"36":2,"37":2,"38":2,"39":2,"40":2,"41":0,"42":2,"43":2,"44":2,"45":1,"46":3,"47":1,"48":1,"49":1,"50":1,"51":1,"52":1,"53":1,"54":1,"55":1,"56":1,"57":0,"58":1,"59":6,"60":6,"61":1,"62":2,"63":0,"64":2,"65":1,"66":1,"67":0,"68":0,"69":0,"70":0,"71":0,"72":0,"73":0,"74":0,"75":0,"76":0,"77":0,"78":0,"79":0,"80":0,"81":0,"82":0,"83":0},"b":{"1":[2,1,1,1],"2":[1,1,1,1],"3":[1,1],"4":[2,2],"5":[1,1],"6":[1,1],"7":[2,0],"8":[2,1,1,1,1,1],"9":[0,2,0],"10":[1,1],"11":[2,1,1],"12":[1,0],"13":[0,2],"14":[2,0,0,0,0,0,0],"15":[0,2],"16":[2,0],"17":[1,1],"18":[0,1],"19":[1,2,0,2],"20":[1,0],"21":[1,1],"22":[0,0],"23":[0,0],"24":[0,0],"25":[0,0],"26":[0,0],"27":[0,0],"28":[0,0]},"f":{"1":2,"2":2,"3":2,"4":2,"5":2,"6":2,"7":2,"8":2,"9":3,"10":1,"11":6,"12":0},"fnMap":{"1":{"name":"(anonymous_1)","line":26,"loc":{"start":{"line":26,"column":1},"end":{"line":26,"column":13}}},"2":{"name":"(anonymous_2)","line":33,"loc":{"start":{"line":33,"column":5},"end":{"line":33,"column":17}}},"3":{"name":"(anonymous_3)","line":37,"loc":{"start":{"line":37,"column":24},"end":{"line":37,"column":36}}},"4":{"name":"(anonymous_4)","line":69,"loc":{"start":{"line":69,"column":31},"end":{"line":69,"column":48}},"skip":true},"5":{"name":"(anonymous_5)","line":78,"loc":{"start":{"line":78,"column":26},"end":{"line":78,"column":45}},"skip":true},"6":{"name":"(anonymous_6)","line":123,"loc":{"start":{"line":123,"column":33},"end":{"line":123,"column":48}},"skip":true},"7":{"name":"(anonymous_7)","line":125,"loc":{"start":{"line":125,"column":27},"end":{"line":125,"column":39}},"skip":true},"8":{"name":"(anonymous_8)","line":133,"loc":{"start":{"line":133,"column":59},"end":{"line":133,"column":74}},"skip":true},"9":{"name":"(anonymous_9)","line":143,"loc":{"start":{"line":143,"column":45},"end":{"line":143,"column":62}},"skip":true},"10":{"name":"(anonymous_10)","line":144,"loc":{"start":{"line":144,"column":73},"end":{"line":144,"column":92}},"skip":true},"11":{"name":"(anonymous_11)","line":272,"loc":{"start":{"line":272,"column":51},"end":{"line":272,"column":77}},"skip":true},"12":{"name":"(anonymous_12)","line":314,"loc":{"start":{"line":314,"column":32},"end":{"line":314,"column":61}},"skip":true}},"statementMap":{"1":{"start":{"line":26,"column":0},"end":{"line":325,"column":5}},"2":{"start":{"line":28,"column":4},"end":{"line":28,"column":14}},"3":{"start":{"line":33,"column":4},"end":{"line":60,"column":9}},"4":{"start":{"line":35,"column":8},"end":{"line":35,"column":19}},"5":{"start":{"line":37,"column":8},"end":{"line":49,"column":13}},"6":{"start":{"line":38,"column":12},"end":{"line":48,"column":13}},"7":{"start":{"line":39,"column":16},"end":{"line":42,"column":30}},"8":{"start":{"line":44,"column":16},"end":{"line":47,"column":27}},"9":{"start":{"line":51,"column":8},"end":{"line":53,"column":21}},"10":{"start":{"line":55,"column":8},"end":{"line":57,"column":45}},"11":{"start":{"line":59,"column":8},"end":{"line":59,"column":35}},"12":{"start":{"line":61,"column":4},"end":{"line":324,"column":5}},"13":{"start":{"line":69,"column":8},"end":{"line":121,"column":10},"skip":true},"14":{"start":{"line":70,"column":12},"end":{"line":88,"column":13},"skip":true},"15":{"start":{"line":76,"column":16},"end":{"line":87,"column":19},"skip":true},"16":{"start":{"line":79,"column":20},"end":{"line":86,"column":21},"skip":true},"17":{"start":{"line":82,"column":24},"end":{"line":82,"column":43},"skip":true},"18":{"start":{"line":83,"column":24},"end":{"line":83,"column":30},"skip":true},"19":{"start":{"line":85,"column":24},"end":{"line":85,"column":49},"skip":true},"20":{"start":{"line":89,"column":12},"end":{"line":107,"column":13},"skip":true},"21":{"start":{"line":92,"column":16},"end":{"line":102,"column":17},"skip":true},"22":{"start":{"line":93,"column":20},"end":{"line":93,"column":86},"skip":true},"23":{"start":{"line":94,"column":20},"end":{"line":95,"column":45},"skip":true},"24":{"start":{"line":96,"column":20},"end":{"line":96,"column":42},"skip":true},"25":{"start":{"line":97,"column":20},"end":{"line":97,"column":48},"skip":true},"26":{"start":{"line":100,"column":20},"end":{"line":100,"column":85},"skip":true},"27":{"start":{"line":101,"column":20},"end":{"line":101,"column":96},"skip":true},"28":{"start":{"line":103,"column":16},"end":{"line":103,"column":22},"skip":true},"29":{"start":{"line":106,"column":16},"end":{"line":106,"column":22},"skip":true},"30":{"start":{"line":108,"column":12},"end":{"line":120,"column":13},"skip":true},"31":{"start":{"line":114,"column":16},"end":{"line":119,"column":17},"skip":true},"32":{"start":{"line":116,"column":20},"end":{"line":116,"column":78},"skip":true},"33":{"start":{"line":118,"column":20},"end":{"line":118,"column":47},"skip":true},"34":{"start":{"line":123,"column":8},"end":{"line":141,"column":11},"skip":true},"35":{"start":{"line":124,"column":12},"end":{"line":124,"column":54},"skip":true},"36":{"start":{"line":125,"column":12},"end":{"line":140,"column":14},"skip":true},"37":{"start":{"line":126,"column":16},"end":{"line":126,"column":28},"skip":true},"38":{"start":{"line":127,"column":16},"end":{"line":127,"column":69},"skip":true},"39":{"start":{"line":128,"column":16},"end":{"line":128,"column":75},"skip":true},"40":{"start":{"line":129,"column":16},"end":{"line":131,"column":17},"skip":true},"41":{"start":{"line":130,"column":20},"end":{"line":130,"column":27},"skip":true},"42":{"start":{"line":133,"column":16},"end":{"line":137,"column":36},"skip":true},"43":{"start":{"line":134,"column":20},"end":{"line":136,"column":55},"skip":true},"44":{"start":{"line":139,"column":16},"end":{"line":139,"column":57},"skip":true},"45":{"start":{"line":143,"column":8},"end":{"line":147,"column":11},"skip":true},"46":{"start":{"line":144,"column":12},"end":{"line":146,"column":15},"skip":true},"47":{"start":{"line":145,"column":16},"end":{"line":145,"column":70},"skip":true},"48":{"start":{"line":149,"column":8},"end":{"line":149,"column":31},"skip":true},"49":{"start":{"line":150,"column":8},"end":{"line":150,"column":14},"skip":true},"50":{"start":{"line":158,"column":8},"end":{"line":158,"column":31},"skip":true},"51":{"start":{"line":160,"column":8},"end":{"line":160,"column":33},"skip":true},"52":{"start":{"line":161,"column":8},"end":{"line":161,"column":37},"skip":true},"53":{"start":{"line":162,"column":8},"end":{"line":162,"column":35},"skip":true},"54":{"start":{"line":164,"column":8},"end":{"line":164,"column":50},"skip":true},"55":{"start":{"line":166,"column":8},"end":{"line":256,"column":2},"skip":true},"56":{"start":{"line":258,"column":8},"end":{"line":286,"column":9},"skip":true},"57":{"start":{"line":259,"column":12},"end":{"line":269,"column":14},"skip":true},"58":{"start":{"line":271,"column":12},"end":{"line":285,"column":19},"skip":true},"59":{"start":{"line":274,"column":20},"end":{"line":274,"column":35},"skip":true},"60":{"start":{"line":275,"column":20},"end":{"line":284,"column":21},"skip":true},"61":{"start":{"line":277,"column":24},"end":{"line":277,"column":64},"skip":true},"62":{"start":{"line":279,"column":24},"end":{"line":279,"column":40},"skip":true},"63":{"start":{"line":281,"column":24},"end":{"line":281,"column":40},"skip":true},"64":{"start":{"line":283,"column":24},"end":{"line":283,"column":39},"skip":true},"65":{"start":{"line":288,"column":8},"end":{"line":290,"column":9},"skip":true},"66":{"start":{"line":289,"column":12},"end":{"line":289,"column":18},"skip":true},"67":{"start":{"line":291,"column":8},"end":{"line":293,"column":54},"skip":true},"68":{"start":{"line":294,"column":8},"end":{"line":301,"column":37},"skip":true},"69":{"start":{"line":302,"column":8},"end":{"line":302,"column":82},"skip":true},"70":{"start":{"line":305,"column":8},"end":{"line":307,"column":9},"skip":true},"71":{"start":{"line":306,"column":12},"end":{"line":306,"column":82},"skip":true},"72":{"start":{"line":309,"column":8},"end":{"line":311,"column":9},"skip":true},"73":{"start":{"line":310,"column":12},"end":{"line":310,"column":18},"skip":true},"74":{"start":{"line":312,"column":8},"end":{"line":312,"column":54},"skip":true},"75":{"start":{"line":313,"column":8},"end":{"line":313,"column":69},"skip":true},"76":{"start":{"line":314,"column":8},"end":{"line":322,"column":36},"skip":true},"77":{"start":{"line":315,"column":12},"end":{"line":315,"column":61},"skip":true},"78":{"start":{"line":316,"column":12},"end":{"line":319,"column":13},"skip":true},"79":{"start":{"line":317,"column":16},"end":{"line":317,"column":75},"skip":true},"80":{"start":{"line":318,"column":16},"end":{"line":318,"column":23},"skip":true},"81":{"start":{"line":320,"column":12},"end":{"line":320,"column":38},"skip":true},"82":{"start":{"line":321,"column":12},"end":{"line":321,"column":27},"skip":true},"83":{"start":{"line":323,"column":8},"end":{"line":323,"column":14},"skip":true}},"branchMap":{"1":{"line":39,"type":"binary-expr","locations":[{"start":{"line":39,"column":23},"end":{"line":39,"column":62}},{"start":{"line":40,"column":20},"end":{"line":40,"column":70}},{"start":{"line":41,"column":20},"end":{"line":41,"column":71}},{"start":{"line":42,"column":20},"end":{"line":42,"column":29}}]},"2":{"line":44,"type":"binary-expr","locations":[{"start":{"line":44,"column":23},"end":{"line":44,"column":37}},{"start":{"line":45,"column":20},"end":{"line":45,"column":61}},{"start":{"line":46,"column":20},"end":{"line":46,"column":70}},{"start":{"line":47,"column":20},"end":{"line":47,"column":26}}]},"3":{"line":51,"type":"cond-expr","locations":[{"start":{"line":52,"column":14},"end":{"line":52,"column":20}},{"start":{"line":53,"column":14},"end":{"line":53,"column":20}}]},"4":{"line":55,"type":"binary-expr","locations":[{"start":{"line":55,"column":16},"end":{"line":55,"column":44}},{"start":{"line":55,"column":49},"end":{"line":57,"column":43}}]},"5":{"line":55,"type":"cond-expr","locations":[{"start":{"line":56,"column":14},"end":{"line":56,"column":52}},{"start":{"line":57,"column":14},"end":{"line":57,"column":43}}]},"6":{"line":61,"type":"switch","locations":[{"start":{"line":68,"column":4},"end":{"line":150,"column":14},"skip":true},{"start":{"line":156,"column":4},"end":{"line":323,"column":14},"skip":true}]},"7":{"line":70,"type":"if","locations":[{"start":{"line":70,"column":12},"end":{"line":70,"column":12},"skip":true},{"start":{"line":70,"column":12},"end":{"line":70,"column":12},"skip":true}]},"8":{"line":70,"type":"binary-expr","locations":[{"start":{"line":70,"column":16},"end":{"line":70,"column":22},"skip":true},{"start":{"line":70,"column":27},"end":{"line":70,"column":32},"skip":true},{"start":{"line":71,"column":20},"end":{"line":71,"column":39},"skip":true},{"start":{"line":72,"column":20},"end":{"line":72,"column":49},"skip":true},{"start":{"line":73,"column":20},"end":{"line":73,"column":58},"skip":true},{"start":{"line":74,"column":20},"end":{"line":74,"column":69},"skip":true}]},"9":{"line":79,"type":"switch","locations":[{"start":{"line":80,"column":20},"end":{"line":80,"column":33},"skip":true},{"start":{"line":81,"column":20},"end":{"line":83,"column":30},"skip":true},{"start":{"line":84,"column":20},"end":{"line":85,"column":49},"skip":true}]},"10":{"line":89,"type":"switch","locations":[{"start":{"line":90,"column":12},"end":{"line":103,"column":22},"skip":true},{"start":{"line":105,"column":12},"end":{"line":106,"column":22},"skip":true}]},"11":{"line":89,"type":"binary-expr","locations":[{"start":{"line":89,"column":20},"end":{"line":89,"column":25},"skip":true},{"start":{"line":89,"column":29},"end":{"line":89,"column":48},"skip":true},{"start":{"line":89,"column":52},"end":{"line":89,"column":74},"skip":true}]},"12":{"line":92,"type":"if","locations":[{"start":{"line":92,"column":16},"end":{"line":92,"column":16},"skip":true},{"start":{"line":92,"column":16},"end":{"line":92,"column":16},"skip":true}]},"13":{"line":108,"type":"if","locations":[{"start":{"line":108,"column":12},"end":{"line":108,"column":12},"skip":true},{"start":{"line":108,"column":12},"end":{"line":108,"column":12},"skip":true}]},"14":{"line":108,"type":"binary-expr","locations":[{"start":{"line":108,"column":16},"end":{"line":108,"column":61},"skip":true},{"start":{"line":108,"column":66},"end":{"line":108,"column":72},"skip":true},{"start":{"line":108,"column":77},"end":{"line":108,"column":82},"skip":true},{"start":{"line":109,"column":20},"end":{"line":109,"column":39},"skip":true},{"start":{"line":110,"column":20},"end":{"line":110,"column":49},"skip":true},{"start":{"line":111,"column":20},"end":{"line":111,"column":58},"skip":true},{"start":{"line":112,"column":20},"end":{"line":112,"column":68},"skip":true}]},"15":{"line":129,"type":"if","locations":[{"start":{"line":129,"column":16},"end":{"line":129,"column":16},"skip":true},{"start":{"line":129,"column":16},"end":{"line":129,"column":16},"skip":true}]},"16":{"line":134,"type":"cond-expr","locations":[{"start":{"line":135,"column":26},"end":{"line":135,"column":29},"skip":true},{"start":{"line":136,"column":26},"end":{"line":136,"column":54},"skip":true}]},"17":{"line":164,"type":"binary-expr","locations":[{"start":{"line":164,"column":27},"end":{"line":164,"column":43},"skip":true},{"start":{"line":164,"column":47},"end":{"line":164,"column":49},"skip":true}]},"18":{"line":258,"type":"if","locations":[{"start":{"line":258,"column":8},"end":{"line":258,"column":8},"skip":true},{"start":{"line":258,"column":8},"end":{"line":258,"column":8},"skip":true}]},"19":{"line":275,"type":"switch","locations":[{"start":{"line":276,"column":20},"end":{"line":277,"column":64},"skip":true},{"start":{"line":278,"column":20},"end":{"line":279,"column":40},"skip":true},{"start":{"line":280,"column":20},"end":{"line":281,"column":40},"skip":true},{"start":{"line":282,"column":20},"end":{"line":283,"column":39},"skip":true}]},"20":{"line":288,"type":"if","locations":[{"start":{"line":288,"column":8},"end":{"line":288,"column":8},"skip":true},{"start":{"line":288,"column":8},"end":{"line":288,"column":8},"skip":true}]},"21":{"line":288,"type":"binary-expr","locations":[{"start":{"line":288,"column":12},"end":{"line":288,"column":40},"skip":true},{"start":{"line":288,"column":44},"end":{"line":288,"column":67},"skip":true}]},"22":{"line":292,"type":"binary-expr","locations":[{"start":{"line":292,"column":12},"end":{"line":292,"column":50},"skip":true},{"start":{"line":293,"column":12},"end":{"line":293,"column":53},"skip":true}]},"23":{"line":295,"type":"binary-expr","locations":[{"start":{"line":295,"column":12},"end":{"line":295,"column":66},"skip":true},{"start":{"line":296,"column":12},"end":{"line":301,"column":36},"skip":true}]},"24":{"line":302,"type":"binary-expr","locations":[{"start":{"line":302,"column":43},"end":{"line":302,"column":75},"skip":true},{"start":{"line":302,"column":79},"end":{"line":302,"column":81},"skip":true}]},"25":{"line":305,"type":"if","locations":[{"start":{"line":305,"column":8},"end":{"line":305,"column":8},"skip":true},{"start":{"line":305,"column":8},"end":{"line":305,"column":8},"skip":true}]},"26":{"line":309,"type":"if","locations":[{"start":{"line":309,"column":8},"end":{"line":309,"column":8},"skip":true},{"start":{"line":309,"column":8},"end":{"line":309,"column":8},"skip":true}]},"27":{"line":312,"type":"binary-expr","locations":[{"start":{"line":312,"column":27},"end":{"line":312,"column":43},"skip":true},{"start":{"line":312,"column":47},"end":{"line":312,"column":53},"skip":true}]},"28":{"line":316,"type":"if","locations":[{"start":{"line":316,"column":12},"end":{"line":316,"column":12},"skip":true},{"start":{"line":316,"column":12},"end":{"line":316,"column":12},"skip":true}]}},"code":["/*","example.js","","quickstart example","","instruction","    1. save this script as example.js","    2. run the shell command:","        $ npm install npmtest-passport && PORT=8081 node example.js","    3. play with the browser-demo on http://127.0.0.1:8081","*/","","","","/* istanbul instrument in package npmtest_passport */","/*jslint","    bitwise: true,","    browser: true,","    maxerr: 8,","    maxlen: 96,","    node: true,","    nomen: true,","    regexp: true,","    stupid: true","*/","(function () {","    'use strict';","    var local;","","","","    // run shared js-env code - pre-init","    (function () {","        // init local","        local = {};","        // init modeJs","        local.modeJs = (function () {","            try {","                return typeof navigator.userAgent === 'string' &&","                    typeof document.querySelector('body') === 'object' &&","                    typeof XMLHttpRequest.prototype.open === 'function' &&","                    'browser';","            } catch (errorCaughtBrowser) {","                return module.exports &&","                    typeof process.versions.node === 'string' &&","                    typeof require('http').createServer === 'function' &&","                    'node';","            }","        }());","        // init global","        local.global = local.modeJs === 'browser'","            ? window","            : global;","        // init utility2_rollup","        local = local.global.utility2_rollup || (local.modeJs === 'browser'","            ? local.global.utility2_npmtest_passport","            : global.utility2_moduleExports);","        // export local","        local.global.local = local;","    }());","    switch (local.modeJs) {","","","","    // post-init","    // run browser js-env code - post-init","    /* istanbul ignore next */","    case 'browser':","        local.testRunBrowser = function (event) {","            if (!event || (event &&","                    event.currentTarget &&","                    event.currentTarget.className &&","                    event.currentTarget.className.includes &&","                    event.currentTarget.className.includes('onreset'))) {","                // reset output","                Array.from(","                    document.querySelectorAll('body > .resettable')","                ).forEach(function (element) {","                    switch (element.tagName) {","                    case 'INPUT':","                    case 'TEXTAREA':","                        element.value = '';","                        break;","                    default:","                        element.textContent = '';","                    }","                });","            }","            switch (event && event.currentTarget && event.currentTarget.id) {","            case 'testRunButton1':","                // show tests","                if (document.querySelector('#testReportDiv1').style.display === 'none') {","                    document.querySelector('#testReportDiv1').style.display = 'block';","                    document.querySelector('#testRunButton1').textContent =","                        'hide internal test';","                    local.modeTest = true;","                    local.testRunDefault(local);","                // hide tests","                } else {","                    document.querySelector('#testReportDiv1').style.display = 'none';","                    document.querySelector('#testRunButton1').textContent = 'run internal test';","                }","                break;","            // custom-case","            default:","                break;","            }","            if (document.querySelector('#inputTextareaEval1') && (!event || (event &&","                    event.currentTarget &&","                    event.currentTarget.className &&","                    event.currentTarget.className.includes &&","                    event.currentTarget.className.includes('oneval')))) {","                // try to eval input-code","                try {","                    /*jslint evil: true*/","                    eval(document.querySelector('#inputTextareaEval1').value);","                } catch (errorCaught) {","                    console.error(errorCaught);","                }","            }","        };","        // log stderr and stdout to #outputTextareaStdout1","        ['error', 'log'].forEach(function (key) {","            console[key + '_original'] = console[key];","            console[key] = function () {","                var element;","                console[key + '_original'].apply(console, arguments);","                element = document.querySelector('#outputTextareaStdout1');","                if (!element) {","                    return;","                }","                // append text to #outputTextareaStdout1","                element.value += Array.from(arguments).map(function (arg) {","                    return typeof arg === 'string'","                        ? arg","                        : JSON.stringify(arg, null, 4);","                }).join(' ') + '\\n';","                // scroll textarea to bottom","                element.scrollTop = element.scrollHeight;","            };","        });","        // init event-handling","        ['change', 'click', 'keyup'].forEach(function (event) {","            Array.from(document.querySelectorAll('.on' + event)).forEach(function (element) {","                element.addEventListener(event, local.testRunBrowser);","            });","        });","        // run tests","        local.testRunBrowser();","        break;","","","","    // run node js-env code - post-init","    /* istanbul ignore next */","    case 'node':","        // export local","        module.exports = local;","        // require modules","        local.fs = require('fs');","        local.http = require('http');","        local.url = require('url');","        // init assets","        local.assetsDict = local.assetsDict || {};","        /* jslint-ignore-begin */","        local.assetsDict['/assets.index.template.html'] = '\\","<!doctype html>\\n\\","<html lang=\"en\">\\n\\","<head>\\n\\","<meta charset=\"UTF-8\">\\n\\","<meta name=\"viewport\" content=\"width=device-width, initial-scale=1\">\\n\\","<title>{{env.npm_package_name}} (v{{env.npm_package_version}})</title>\\n\\","<style>\\n\\","/*csslint\\n\\","    box-sizing: false,\\n\\","    universal-selector: false\\n\\","*/\\n\\","* {\\n\\","    box-sizing: border-box;\\n\\","}\\n\\","body {\\n\\","    background: #dde;\\n\\","    font-family: Arial, Helvetica, sans-serif;\\n\\","    margin: 2rem;\\n\\","}\\n\\","body > * {\\n\\","    margin-bottom: 1rem;\\n\\","}\\n\\",".utility2FooterDiv {\\n\\","    margin-top: 20px;\\n\\","    text-align: center;\\n\\","}\\n\\","</style>\\n\\","<style>\\n\\","/*csslint\\n\\","*/\\n\\","textarea {\\n\\","    font-family: monospace;\\n\\","    height: 10rem;\\n\\","    width: 100%;\\n\\","}\\n\\","textarea[readonly] {\\n\\","    background: #ddd;\\n\\","}\\n\\","</style>\\n\\","</head>\\n\\","<body>\\n\\","<!-- utility2-comment\\n\\","<div id=\"ajaxProgressDiv1\" style=\"background: #d00; height: 2px; left: 0; margin: 0; padding: 0; position: fixed; top: 0; transition: background 0.5s, width 1.5s; width: 25%;\"></div>\\n\\","utility2-comment -->\\n\\","<h1>\\n\\","<!-- utility2-comment\\n\\","    <a\\n\\","        {{#if env.npm_package_homepage}}\\n\\","        href=\"{{env.npm_package_homepage}}\"\\n\\","        {{/if env.npm_package_homepage}}\\n\\","        target=\"_blank\"\\n\\","    >\\n\\","utility2-comment -->\\n\\","        {{env.npm_package_name}} (v{{env.npm_package_version}})\\n\\","<!-- utility2-comment\\n\\","    </a>\\n\\","utility2-comment -->\\n\\","</h1>\\n\\","<h3>{{env.npm_package_description}}</h3>\\n\\","<!-- utility2-comment\\n\\","<h4><a download href=\"assets.app.js\">download standalone app</a></h4>\\n\\","<button class=\"onclick onreset\" id=\"testRunButton1\">run internal test</button><br>\\n\\","<div id=\"testReportDiv1\" style=\"display: none;\"></div>\\n\\","utility2-comment -->\\n\\","\\n\\","\\n\\","\\n\\","<label>stderr and stdout</label>\\n\\","<textarea class=\"resettable\" id=\"outputTextareaStdout1\" readonly></textarea>\\n\\","<!-- utility2-comment\\n\\","{{#if isRollup}}\\n\\","<script src=\"assets.app.js\"></script>\\n\\","{{#unless isRollup}}\\n\\","utility2-comment -->\\n\\","<script src=\"assets.utility2.rollup.js\"></script>\\n\\","<script src=\"jsonp.utility2._stateInit?callback=window.utility2._stateInit\"></script>\\n\\","<script src=\"assets.npmtest_passport.rollup.js\"></script>\\n\\","<script src=\"assets.example.js\"></script>\\n\\","<script src=\"assets.test.js\"></script>\\n\\","<!-- utility2-comment\\n\\","{{/if isRollup}}\\n\\","utility2-comment -->\\n\\","<div class=\"utility2FooterDiv\">\\n\\","    [ this app was created with\\n\\","    <a href=\"https://github.com/kaizhu256/node-utility2\" target=\"_blank\">utility2</a>\\n\\","    ]\\n\\","</div>\\n\\","</body>\\n\\","</html>\\n\\","';","        /* jslint-ignore-end */","        if (local.templateRender) {","            local.assetsDict['/'] = local.templateRender(","                local.assetsDict['/assets.index.template.html'],","                {","                    env: local.objectSetDefault(local.env, {","                        npm_package_description: 'the greatest app in the world!',","                        npm_package_name: 'my-app',","                        npm_package_nameAlias: 'my_app',","                        npm_package_version: '0.0.1'","                    })","                }","            );","        } else {","            local.assetsDict['/'] = local.assetsDict['/assets.index.template.html']","                .replace((/\\{\\{env\\.(\\w+?)\\}\\}/g), function (match0, match1) {","                    // jslint-hack","                    String(match0);","                    switch (match1) {","                    case 'npm_package_description':","                        return 'the greatest app in the world!';","                    case 'npm_package_name':","                        return 'my-app';","                    case 'npm_package_nameAlias':","                        return 'my_app';","                    case 'npm_package_version':","                        return '0.0.1';","                    }","                });","        }","        // run the cli","        if (local.global.utility2_rollup || module !== require.main) {","            break;","        }","        local.assetsDict['/assets.example.js'] =","            local.assetsDict['/assets.example.js'] ||","            local.fs.readFileSync(__filename, 'utf8');","        local.assetsDict['/assets.npmtest_passport.rollup.js'] =","            local.assetsDict['/assets.npmtest_passport.rollup.js'] ||","            local.fs.readFileSync(","                // buildCustomOrg-hack","                local.npmtest_passport.__dirname +","                    '/lib.npmtest_passport.js',","                'utf8'","            ).replace((/^#!/), '//');","        local.assetsDict['/favicon.ico'] = local.assetsDict['/favicon.ico'] || '';","        // if $npm_config_timeout_exit exists,","        // then exit this process after $npm_config_timeout_exit ms","        if (Number(process.env.npm_config_timeout_exit)) {","            setTimeout(process.exit, Number(process.env.npm_config_timeout_exit));","        }","        // start server","        if (local.global.utility2_serverHttp1) {","            break;","        }","        process.env.PORT = process.env.PORT || '8081';","        console.error('server starting on port ' + process.env.PORT);","        local.http.createServer(function (request, response) {","            request.urlParsed = local.url.parse(request.url);","            if (local.assetsDict[request.urlParsed.pathname] !== undefined) {","                response.end(local.assetsDict[request.urlParsed.pathname]);","                return;","            }","            response.statusCode = 404;","            response.end();","        }).listen(process.env.PORT);","        break;","    }","}());",""],"l":{"26":2,"28":2,"33":2,"35":2,"37":2,"38":2,"39":2,"44":1,"51":2,"55":2,"59":2,"61":2,"69":1,"70":2,"76":2,"79":2,"82":2,"83":2,"85":1,"89":2,"92":1,"93":1,"94":1,"96":1,"97":1,"100":1,"101":1,"103":1,"106":1,"108":2,"114":1,"116":1,"118":1,"123":1,"124":2,"125":2,"126":2,"127":2,"128":2,"129":2,"130":1,"133":2,"134":2,"139":2,"143":1,"144":3,"145":1,"149":1,"150":1,"158":1,"160":1,"161":1,"162":1,"164":1,"166":1,"258":1,"259":1,"271":1,"274":6,"275":6,"277":1,"279":2,"281":1,"283":2,"288":1,"289":1,"291":1,"294":1,"302":1,"305":1,"306":1,"309":1,"310":1,"312":1,"313":1,"314":1,"315":1,"316":1,"317":1,"318":1,"320":1,"321":1,"323":1}},"/home/travis/build/npmtest/node-npmtest-passport/passport/lib/index.js":{"path":"/home/travis/build/npmtest/node-npmtest-passport/passport/lib/index.js","s":{"1":1,"2":1,"3":1,"4":1,"5":1,"6":1},"b":{},"f":{},"fnMap":{},"statementMap":{"1":{"start":{"line":4,"column":0},"end":{"line":5,"column":54}},"2":{"start":{"line":13,"column":0},"end":{"line":13,"column":42}},"3":{"start":{"line":18,"column":0},"end":{"line":19,"column":33}},"4":{"start":{"line":20,"column":0},"end":{"line":20,"column":48}},"5":{"start":{"line":25,"column":0},"end":{"line":25,"column":24}},"6":{"start":{"line":26,"column":0},"end":{"line":26,"column":53}}},"branchMap":{},"code":["/**"," * Module dependencies."," */","var Passport = require('./authenticator')","  , SessionStrategy = require('./strategies/session');","","","/**"," * Export default singleton."," *"," * @api public"," */","exports = module.exports = new Passport();","","/**"," * Expose constructors."," */","exports.Passport =","exports.Authenticator = Passport;","exports.Strategy = require('passport-strategy');","","/**"," * Expose strategies."," */","exports.strategies = {};","exports.strategies.SessionStrategy = SessionStrategy;",""],"l":{"4":1,"13":1,"18":1,"20":1,"25":1,"26":1}},"/home/travis/build/npmtest/node-npmtest-passport/passport/lib/authenticator.js":{"path":"/home/travis/build/npmtest/node-npmtest-passport/passport/lib/authenticator.js","s":{"1":1,"2":1,"3":1,"4":1,"5":1,"6":1,"7":1,"8":1,"9":1,"10":1,"11":1,"12":1,"13":1,"14":1,"15":1,"16":1,"17":1,"18":1,"19":0,"20":1,"21":1,"22":1,"23":0,"24":0,"25":1,"26":1,"27":1,"28":1,"29":0,"30":0,"31":0,"32":1,"33":0,"34":1,"35":0,"36":0,"37":0,"38":0,"39":1,"40":0,"41":1,"42":0,"43":0,"44":0,"45":0,"46":0,"47":0,"48":0,"49":0,"50":0,"51":0,"52":0,"53":0,"54":0,"55":0,"56":0,"57":1,"58":0,"59":0,"60":0,"61":0,"62":0,"63":0,"64":0,"65":1,"66":0,"67":0,"68":0,"69":0,"70":0,"71":0,"72":0,"73":0,"74":0,"75":0,"76":0,"77":0,"78":0,"79":0,"80":0,"81":0,"82":0,"83":1,"84":0,"85":0,"86":0,"87":0,"88":0,"89":0,"90":0,"91":1,"92":0,"93":0,"94":0,"95":0,"96":0,"97":0,"98":0,"99":0,"100":0,"101":0,"102":0,"103":0,"104":0,"105":0,"106":0,"107":1,"108":0,"109":0,"110":0,"111":0,"112":0,"113":0,"114":0,"115":0,"116":0,"117":0,"118":1,"119":0,"120":1},"b":{"1":[1,0],"2":[0,1],"3":[0,0],"4":[0,0],"5":[0,0],"6":[0,0],"7":[0,0],"8":[0,0],"9":[0,0],"10":[0,0],"11":[0,0,0],"12":[0,0],"13":[0,0],"14":[0,0],"15":[0,0],"16":[0,0],"17":[0,0],"18":[0,0],"19":[0,0],"20":[0,0],"21":[0,0],"22":[0,0],"23":[0,0],"24":[0,0],"25":[0,0],"26":[0,0],"27":[0,0],"28":[0,0],"29":[0,0],"30":[0,0]},"f":{"1":1,"2":1,"3":1,"4":0,"5":1,"6":0,"7":0,"8":0,"9":0,"10":0,"11":0,"12":0,"13":0,"14":0,"15":0,"16":0,"17":0,"18":0,"19":0},"fnMap":{"1":{"name":"Authenticator","line":12,"loc":{"start":{"line":12,"column":0},"end":{"line":12,"column":25}}},"2":{"name":"(anonymous_2)","line":29,"loc":{"start":{"line":29,"column":31},"end":{"line":29,"column":42}}},"3":{"name":"(anonymous_3)","line":49,"loc":{"start":{"line":49,"column":30},"end":{"line":49,"column":55}}},"4":{"name":"(anonymous_4)","line":79,"loc":{"start":{"line":79,"column":32},"end":{"line":79,"column":47}}},"5":{"name":"(anonymous_5)","line":103,"loc":{"start":{"line":103,"column":36},"end":{"line":103,"column":49}}},"6":{"name":"(anonymous_6)","line":127,"loc":{"start":{"line":127,"column":37},"end":{"line":127,"column":55}}},"7":{"name":"(anonymous_7)","line":162,"loc":{"start":{"line":162,"column":39},"end":{"line":162,"column":77}}},"8":{"name":"(anonymous_8)","line":186,"loc":{"start":{"line":186,"column":36},"end":{"line":186,"column":74}}},"9":{"name":"(anonymous_9)","line":230,"loc":{"start":{"line":230,"column":34},"end":{"line":230,"column":52}}},"10":{"name":"(anonymous_10)","line":245,"loc":{"start":{"line":245,"column":40},"end":{"line":245,"column":64}}},"11":{"name":"pass","line":261,"loc":{"start":{"line":261,"column":3},"end":{"line":261,"column":30}}},"12":{"name":"serialized","line":275,"loc":{"start":{"line":275,"column":4},"end":{"line":275,"column":30}}},"13":{"name":"(anonymous_13)","line":305,"loc":{"start":{"line":305,"column":42},"end":{"line":305,"column":66}}},"14":{"name":"pass","line":321,"loc":{"start":{"line":321,"column":3},"end":{"line":321,"column":31}}},"15":{"name":"deserialized","line":338,"loc":{"start":{"line":338,"column":4},"end":{"line":338,"column":32}}},"16":{"name":"(anonymous_16)","line":393,"loc":{"start":{"line":393,"column":44},"end":{"line":393,"column":68}}},"17":{"name":"pass","line":409,"loc":{"start":{"line":409,"column":3},"end":{"line":409,"column":32}}},"18":{"name":"transformed","line":425,"loc":{"start":{"line":425,"column":4},"end":{"line":425,"column":31}}},"19":{"name":"(anonymous_19)","line":453,"loc":{"start":{"line":453,"column":36},"end":{"line":453,"column":51}}}},"statementMap":{"1":{"start":{"line":4,"column":0},"end":{"line":4,"column":54}},"2":{"start":{"line":12,"column":0},"end":{"line":22,"column":1}},"3":{"start":{"line":13,"column":2},"end":{"line":13,"column":25}},"4":{"start":{"line":14,"column":2},"end":{"line":14,"column":24}},"5":{"start":{"line":15,"column":2},"end":{"line":15,"column":25}},"6":{"start":{"line":16,"column":2},"end":{"line":16,"column":27}},"7":{"start":{"line":17,"column":2},"end":{"line":17,"column":30}},"8":{"start":{"line":18,"column":2},"end":{"line":18,"column":25}},"9":{"start":{"line":19,"column":2},"end":{"line":19,"column":30}},"10":{"start":{"line":21,"column":2},"end":{"line":21,"column":14}},"11":{"start":{"line":29,"column":0},"end":{"line":32,"column":2}},"12":{"start":{"line":30,"column":2},"end":{"line":30,"column":51}},"13":{"start":{"line":31,"column":2},"end":{"line":31,"column":34}},"14":{"start":{"line":49,"column":0},"end":{"line":58,"column":2}},"15":{"start":{"line":50,"column":2},"end":{"line":53,"column":3}},"16":{"start":{"line":51,"column":4},"end":{"line":51,"column":20}},"17":{"start":{"line":52,"column":4},"end":{"line":52,"column":25}},"18":{"start":{"line":54,"column":2},"end":{"line":54,"column":79}},"19":{"start":{"line":54,"column":15},"end":{"line":54,"column":77}},"20":{"start":{"line":56,"column":2},"end":{"line":56,"column":36}},"21":{"start":{"line":57,"column":2},"end":{"line":57,"column":14}},"22":{"start":{"line":79,"column":0},"end":{"line":82,"column":2}},"23":{"start":{"line":80,"column":2},"end":{"line":80,"column":32}},"24":{"start":{"line":81,"column":2},"end":{"line":81,"column":14}},"25":{"start":{"line":103,"column":0},"end":{"line":106,"column":2}},"26":{"start":{"line":104,"column":2},"end":{"line":104,"column":23}},"27":{"start":{"line":105,"column":2},"end":{"line":105,"column":14}},"28":{"start":{"line":127,"column":0},"end":{"line":132,"column":2}},"29":{"start":{"line":128,"column":2},"end":{"line":128,"column":26}},"30":{"start":{"line":129,"column":2},"end":{"line":129,"column":54}},"31":{"start":{"line":131,"column":2},"end":{"line":131,"column":51}},"32":{"start":{"line":162,"column":0},"end":{"line":164,"column":2}},"33":{"start":{"line":163,"column":2},"end":{"line":163,"column":73}},"34":{"start":{"line":186,"column":0},"end":{"line":192,"column":2}},"35":{"start":{"line":187,"column":2},"end":{"line":187,"column":26}},"36":{"start":{"line":188,"column":2},"end":{"line":188,"column":37}},"37":{"start":{"line":190,"column":2},"end":{"line":190,"column":69}},"38":{"start":{"line":191,"column":2},"end":{"line":191,"column":47}},"39":{"start":{"line":230,"column":0},"end":{"line":232,"column":2}},"40":{"start":{"line":231,"column":2},"end":{"line":231,"column":47}},"41":{"start":{"line":245,"column":0},"end":{"line":290,"column":2}},"42":{"start":{"line":246,"column":2},"end":{"line":248,"column":3}},"43":{"start":{"line":247,"column":4},"end":{"line":247,"column":38}},"44":{"start":{"line":252,"column":2},"end":{"line":252,"column":16}},"45":{"start":{"line":255,"column":2},"end":{"line":258,"column":3}},"46":{"start":{"line":256,"column":4},"end":{"line":256,"column":15}},"47":{"start":{"line":257,"column":4},"end":{"line":257,"column":20}},"48":{"start":{"line":260,"column":2},"end":{"line":260,"column":32}},"49":{"start":{"line":261,"column":2},"end":{"line":289,"column":8}},"50":{"start":{"line":263,"column":4},"end":{"line":265,"column":5}},"51":{"start":{"line":264,"column":6},"end":{"line":264,"column":22}},"52":{"start":{"line":267,"column":4},"end":{"line":267,"column":59}},"53":{"start":{"line":267,"column":35},"end":{"line":267,"column":57}},"54":{"start":{"line":269,"column":4},"end":{"line":269,"column":25}},"55":{"start":{"line":270,"column":4},"end":{"line":272,"column":5}},"56":{"start":{"line":271,"column":6},"end":{"line":271,"column":70}},"57":{"start":{"line":275,"column":4},"end":{"line":277,"column":5}},"58":{"start":{"line":276,"column":6},"end":{"line":276,"column":24}},"59":{"start":{"line":279,"column":4},"end":{"line":288,"column":5}},"60":{"start":{"line":280,"column":6},"end":{"line":280,"column":31}},"61":{"start":{"line":281,"column":6},"end":{"line":285,"column":7}},"62":{"start":{"line":282,"column":8},"end":{"line":282,"column":37}},"63":{"start":{"line":284,"column":8},"end":{"line":284,"column":32}},"64":{"start":{"line":287,"column":6},"end":{"line":287,"column":21}},"65":{"start":{"line":305,"column":0},"end":{"line":353,"column":2}},"66":{"start":{"line":306,"column":2},"end":{"line":308,"column":3}},"67":{"start":{"line":307,"column":4},"end":{"line":307,"column":40}},"68":{"start":{"line":312,"column":2},"end":{"line":312,"column":15}},"69":{"start":{"line":315,"column":2},"end":{"line":318,"column":3}},"70":{"start":{"line":316,"column":4},"end":{"line":316,"column":15}},"71":{"start":{"line":317,"column":4},"end":{"line":317,"column":20}},"72":{"start":{"line":320,"column":2},"end":{"line":320,"column":34}},"73":{"start":{"line":321,"column":2},"end":{"line":352,"column":8}},"74":{"start":{"line":323,"column":4},"end":{"line":325,"column":5}},"75":{"start":{"line":324,"column":6},"end":{"line":324,"column":22}},"76":{"start":{"line":327,"column":4},"end":{"line":327,"column":48}},"77":{"start":{"line":327,"column":23},"end":{"line":327,"column":46}},"78":{"start":{"line":330,"column":4},"end":{"line":330,"column":70}},"79":{"start":{"line":330,"column":43},"end":{"line":330,"column":68}},"80":{"start":{"line":332,"column":4},"end":{"line":332,"column":25}},"81":{"start":{"line":333,"column":4},"end":{"line":335,"column":5}},"82":{"start":{"line":334,"column":6},"end":{"line":334,"column":74}},"83":{"start":{"line":338,"column":4},"end":{"line":340,"column":5}},"84":{"start":{"line":339,"column":6},"end":{"line":339,"column":24}},"85":{"start":{"line":342,"column":4},"end":{"line":351,"column":5}},"86":{"start":{"line":343,"column":6},"end":{"line":343,"column":31}},"87":{"start":{"line":344,"column":6},"end":{"line":348,"column":7}},"88":{"start":{"line":345,"column":8},"end":{"line":345,"column":38}},"89":{"start":{"line":347,"column":8},"end":{"line":347,"column":33}},"90":{"start":{"line":350,"column":6},"end":{"line":350,"column":21}},"91":{"start":{"line":393,"column":0},"end":{"line":444,"column":2}},"92":{"start":{"line":394,"column":2},"end":{"line":396,"column":3}},"93":{"start":{"line":395,"column":4},"end":{"line":395,"column":43}},"94":{"start":{"line":400,"column":2},"end":{"line":400,"column":16}},"95":{"start":{"line":403,"column":2},"end":{"line":406,"column":3}},"96":{"start":{"line":404,"column":4},"end":{"line":404,"column":15}},"97":{"start":{"line":405,"column":4},"end":{"line":405,"column":20}},"98":{"start":{"line":408,"column":2},"end":{"line":408,"column":37}},"99":{"start":{"line":409,"column":2},"end":{"line":443,"column":8}},"100":{"start":{"line":411,"column":4},"end":{"line":413,"column":5}},"101":{"start":{"line":412,"column":6},"end":{"line":412,"column":22}},"102":{"start":{"line":415,"column":4},"end":{"line":415,"column":50}},"103":{"start":{"line":415,"column":24},"end":{"line":415,"column":48}},"104":{"start":{"line":417,"column":4},"end":{"line":417,"column":25}},"105":{"start":{"line":418,"column":4},"end":{"line":422,"column":5}},"106":{"start":{"line":421,"column":6},"end":{"line":421,"column":30}},"107":{"start":{"line":425,"column":4},"end":{"line":427,"column":5}},"108":{"start":{"line":426,"column":6},"end":{"line":426,"column":24}},"109":{"start":{"line":429,"column":4},"end":{"line":442,"column":5}},"110":{"start":{"line":430,"column":6},"end":{"line":430,"column":31}},"111":{"start":{"line":431,"column":6},"end":{"line":439,"column":7}},"112":{"start":{"line":433,"column":8},"end":{"line":433,"column":28}},"113":{"start":{"line":434,"column":8},"end":{"line":434,"column":29}},"114":{"start":{"line":435,"column":13},"end":{"line":439,"column":7}},"115":{"start":{"line":436,"column":8},"end":{"line":436,"column":38}},"116":{"start":{"line":438,"column":8},"end":{"line":438,"column":33}},"117":{"start":{"line":441,"column":6},"end":{"line":441,"column":21}},"118":{"start":{"line":453,"column":0},"end":{"line":455,"column":2}},"119":{"start":{"line":454,"column":2},"end":{"line":454,"column":32}},"120":{"start":{"line":461,"column":0},"end":{"line":461,"column":31}}},"branchMap":{"1":{"line":50,"type":"if","locations":[{"start":{"line":50,"column":2},"end":{"line":50,"column":2}},{"start":{"line":50,"column":2},"end":{"line":50,"column":2}}]},"2":{"line":54,"type":"if","locations":[{"start":{"line":54,"column":2},"end":{"line":54,"column":2}},{"start":{"line":54,"column":2},"end":{"line":54,"column":2}}]},"3":{"line":128,"type":"binary-expr","locations":[{"start":{"line":128,"column":12},"end":{"line":128,"column":19}},{"start":{"line":128,"column":23},"end":{"line":128,"column":25}}]},"4":{"line":129,"type":"binary-expr","locations":[{"start":{"line":129,"column":23},"end":{"line":129,"column":43}},{"start":{"line":129,"column":47},"end":{"line":129,"column":53}}]},"5":{"line":187,"type":"binary-expr","locations":[{"start":{"line":187,"column":12},"end":{"line":187,"column":19}},{"start":{"line":187,"column":23},"end":{"line":187,"column":25}}]},"6":{"line":190,"type":"binary-expr","locations":[{"start":{"line":190,"column":11},"end":{"line":190,"column":36}},{"start":{"line":190,"column":40},"end":{"line":190,"column":68}}]},"7":{"line":246,"type":"if","locations":[{"start":{"line":246,"column":2},"end":{"line":246,"column":2}},{"start":{"line":246,"column":2},"end":{"line":246,"column":2}}]},"8":{"line":255,"type":"if","locations":[{"start":{"line":255,"column":2},"end":{"line":255,"column":2}},{"start":{"line":255,"column":2},"end":{"line":255,"column":2}}]},"9":{"line":263,"type":"if","locations":[{"start":{"line":263,"column":4},"end":{"line":263,"column":4}},{"start":{"line":263,"column":4},"end":{"line":263,"column":4}}]},"10":{"line":267,"type":"if","locations":[{"start":{"line":267,"column":4},"end":{"line":267,"column":4}},{"start":{"line":267,"column":4},"end":{"line":267,"column":4}}]},"11":{"line":267,"type":"binary-expr","locations":[{"start":{"line":267,"column":8},"end":{"line":267,"column":11}},{"start":{"line":267,"column":15},"end":{"line":267,"column":18}},{"start":{"line":267,"column":22},"end":{"line":267,"column":31}}]},"12":{"line":270,"type":"if","locations":[{"start":{"line":270,"column":4},"end":{"line":270,"column":4}},{"start":{"line":270,"column":4},"end":{"line":270,"column":4}}]},"13":{"line":281,"type":"if","locations":[{"start":{"line":281,"column":6},"end":{"line":281,"column":6}},{"start":{"line":281,"column":6},"end":{"line":281,"column":6}}]},"14":{"line":306,"type":"if","locations":[{"start":{"line":306,"column":2},"end":{"line":306,"column":2}},{"start":{"line":306,"column":2},"end":{"line":306,"column":2}}]},"15":{"line":315,"type":"if","locations":[{"start":{"line":315,"column":2},"end":{"line":315,"column":2}},{"start":{"line":315,"column":2},"end":{"line":315,"column":2}}]},"16":{"line":323,"type":"if","locations":[{"start":{"line":323,"column":4},"end":{"line":323,"column":4}},{"start":{"line":323,"column":4},"end":{"line":323,"column":4}}]},"17":{"line":327,"type":"if","locations":[{"start":{"line":327,"column":4},"end":{"line":327,"column":4}},{"start":{"line":327,"column":4},"end":{"line":327,"column":4}}]},"18":{"line":327,"type":"binary-expr","locations":[{"start":{"line":327,"column":8},"end":{"line":327,"column":11}},{"start":{"line":327,"column":15},"end":{"line":327,"column":19}}]},"19":{"line":330,"type":"if","locations":[{"start":{"line":330,"column":4},"end":{"line":330,"column":4}},{"start":{"line":330,"column":4},"end":{"line":330,"column":4}}]},"20":{"line":330,"type":"binary-expr","locations":[{"start":{"line":330,"column":8},"end":{"line":330,"column":21}},{"start":{"line":330,"column":25},"end":{"line":330,"column":39}}]},"21":{"line":333,"type":"if","locations":[{"start":{"line":333,"column":4},"end":{"line":333,"column":4}},{"start":{"line":333,"column":4},"end":{"line":333,"column":4}}]},"22":{"line":344,"type":"if","locations":[{"start":{"line":344,"column":6},"end":{"line":344,"column":6}},{"start":{"line":344,"column":6},"end":{"line":344,"column":6}}]},"23":{"line":394,"type":"if","locations":[{"start":{"line":394,"column":2},"end":{"line":394,"column":2}},{"start":{"line":394,"column":2},"end":{"line":394,"column":2}}]},"24":{"line":403,"type":"if","locations":[{"start":{"line":403,"column":2},"end":{"line":403,"column":2}},{"start":{"line":403,"column":2},"end":{"line":403,"column":2}}]},"25":{"line":411,"type":"if","locations":[{"start":{"line":411,"column":4},"end":{"line":411,"column":4}},{"start":{"line":411,"column":4},"end":{"line":411,"column":4}}]},"26":{"line":415,"type":"if","locations":[{"start":{"line":415,"column":4},"end":{"line":415,"column":4}},{"start":{"line":415,"column":4},"end":{"line":415,"column":4}}]},"27":{"line":415,"type":"binary-expr","locations":[{"start":{"line":415,"column":8},"end":{"line":415,"column":11}},{"start":{"line":415,"column":15},"end":{"line":415,"column":20}}]},"28":{"line":418,"type":"if","locations":[{"start":{"line":418,"column":4},"end":{"line":418,"column":4}},{"start":{"line":418,"column":4},"end":{"line":418,"column":4}}]},"29":{"line":431,"type":"if","locations":[{"start":{"line":431,"column":6},"end":{"line":431,"column":6}},{"start":{"line":431,"column":6},"end":{"line":431,"column":6}}]},"30":{"line":435,"type":"if","locations":[{"start":{"line":435,"column":13},"end":{"line":435,"column":13}},{"start":{"line":435,"column":13},"end":{"line":435,"column":13}}]}},"code":["/**"," * Module dependencies."," */","var SessionStrategy = require('./strategies/session');","","","/**"," * `Authenticator` constructor."," *"," * @api public"," */","function Authenticator() {","  this._key = 'passport';","  this._strategies = {};","  this._serializers = [];","  this._deserializers = [];","  this._infoTransformers = [];","  this._framework = null;","  this._userProperty = 'user';","  ","  this.init();","}","","/**"," * Initialize authenticator."," *"," * @api protected"," */","Authenticator.prototype.init = function() {","  this.framework(require('./framework/connect')());","  this.use(new SessionStrategy());","};","","/**"," * Utilize the given `strategy` with optional `name`, overridding the strategy's"," * default name."," *"," * Examples:"," *"," *     passport.use(new TwitterStrategy(...));"," *"," *     passport.use('api', new http.BasicStrategy(...));"," *"," * @param {String|Strategy} name"," * @param {Strategy} strategy"," * @return {Authenticator} for chaining"," * @api public"," */","Authenticator.prototype.use = function(name, strategy) {","  if (!strategy) {","    strategy = name;","    name = strategy.name;","  }","  if (!name) { throw new Error('Authentication strategies must have a name'); }","  ","  this._strategies[name] = strategy;","  return this;","};","","/**"," * Un-utilize the `strategy` with given `name`."," *"," * In typical applications, the necessary authentication strategies are static,"," * configured once and always available.  As such, there is often no need to"," * invoke this function."," *"," * However, in certain situations, applications may need dynamically configure"," * and de-configure authentication strategies.  The `use()`/`unuse()`"," * combination satisfies these scenarios."," *"," * Examples:"," *"," *     passport.unuse('legacy-api');"," *"," * @param {String} name"," * @return {Authenticator} for chaining"," * @api public"," */","Authenticator.prototype.unuse = function(name) {","  delete this._strategies[name];","  return this;","};","","/**"," * Setup Passport to be used under framework."," *"," * By default, Passport exposes middleware that operate using Connect-style"," * middleware using a `fn(req, res, next)` signature.  Other popular frameworks"," * have different expectations, and this function allows Passport to be adapted"," * to operate within such environments."," *"," * If you are using a Connect-compatible framework, including Express, there is"," * no need to invoke this function."," *"," * Examples:"," *"," *     passport.framework(require('hapi-passport')());"," *"," * @param {Object} name"," * @return {Authenticator} for chaining"," * @api public"," */","Authenticator.prototype.framework = function(fw) {","  this._framework = fw;","  return this;","};","","/**"," * Passport's primary initialization middleware."," *"," * This middleware must be in use by the Connect/Express application for"," * Passport to operate."," *"," * Options:"," *   - `userProperty`  Property to set on `req` upon login, defaults to _user_"," *"," * Examples:"," *"," *     app.use(passport.initialize());"," *"," *     app.use(passport.initialize({ userProperty: 'currentUser' }));"," *"," * @param {Object} options"," * @return {Function} middleware"," * @api public"," */","Authenticator.prototype.initialize = function(options) {","  options = options || {};","  this._userProperty = options.userProperty || 'user';","  ","  return this._framework.initialize(this, options);","};","","/**"," * Middleware that will authenticate a request using the given `strategy` name,"," * with optional `options` and `callback`."," *"," * Examples:"," *"," *     passport.authenticate('local', { successRedirect: '/', failureRedirect: '/login' })(req, res);"," *"," *     passport.authenticate('local', function(err, user) {"," *       if (!user) { return res.redirect('/login'); }"," *       res.end('Authenticated!');"," *     })(req, res);"," *"," *     passport.authenticate('basic', { session: false })(req, res);"," *"," *     app.get('/auth/twitter', passport.authenticate('twitter'), function(req, res) {"," *       // request will be redirected to Twitter"," *     });"," *     app.get('/auth/twitter/callback', passport.authenticate('twitter'), function(req, res) {"," *       res.json(req.user);"," *     });"," *"," * @param {String} strategy"," * @param {Object} options"," * @param {Function} callback"," * @return {Function} middleware"," * @api public"," */","Authenticator.prototype.authenticate = function(strategy, options, callback) {","  return this._framework.authenticate(this, strategy, options, callback);","};","","/**"," * Middleware that will authorize a third-party account using the given"," * `strategy` name, with optional `options`."," *"," * If authorization is successful, the result provided by the strategy's verify"," * callback will be assigned to `req.account`.  The existing login session and"," * `req.user` will be unaffected."," *"," * This function is particularly useful when connecting third-party accounts"," * to the local account of a user that is currently authenticated."," *"," * Examples:"," *"," *    passport.authorize('twitter-authz', { failureRedirect: '/account' });"," *"," * @param {String} strategy"," * @param {Object} options"," * @return {Function} middleware"," * @api public"," */","Authenticator.prototype.authorize = function(strategy, options, callback) {","  options = options || {};","  options.assignProperty = 'account';","  ","  var fn = this._framework.authorize || this._framework.authenticate;","  return fn(this, strategy, options, callback);","};","","/**"," * Middleware that will restore login state from a session."," *"," * Web applications typically use sessions to maintain login state between"," * requests.  For example, a user will authenticate by entering credentials into"," * a form which is submitted to the server.  If the credentials are valid, a"," * login session is established by setting a cookie containing a session"," * identifier in the user's web browser.  The web browser will send this cookie"," * in subsequent requests to the server, allowing a session to be maintained."," *"," * If sessions are being utilized, and a login session has been established,"," * this middleware will populate `req.user` with the current user."," *"," * Note that sessions are not strictly required for Passport to operate."," * However, as a general rule, most web applications will make use of sessions."," * An exception to this rule would be an API server, which expects each HTTP"," * request to provide credentials in an Authorization header."," *"," * Examples:"," *"," *     app.use(connect.cookieParser());"," *     app.use(connect.session({ secret: 'keyboard cat' }));"," *     app.use(passport.initialize());"," *     app.use(passport.session());"," *"," * Options:"," *   - `pauseStream`      Pause the request stream before deserializing the user"," *                        object from the session.  Defaults to _false_.  Should"," *                        be set to true in cases where middleware consuming the"," *                        request body is configured after passport and the"," *                        deserializeUser method is asynchronous."," *"," * @param {Object} options"," * @return {Function} middleware"," * @api public"," */","Authenticator.prototype.session = function(options) {","  return this.authenticate('session', options);","};","","/**"," * Registers a function used to serialize user objects into the session."," *"," * Examples:"," *"," *     passport.serializeUser(function(user, done) {"," *       done(null, user.id);"," *     });"," *"," * @api public"," */","Authenticator.prototype.serializeUser = function(fn, req, done) {","  if (typeof fn === 'function') {","    return this._serializers.push(fn);","  }","  ","  // private implementation that traverses the chain of serializers, attempting","  // to serialize a user","  var user = fn;","","  // For backwards compatibility","  if (typeof req === 'function') {","    done = req;","    req = undefined;","  }","  ","  var stack = this._serializers;","  (function pass(i, err, obj) {","    // serializers use 'pass' as an error to skip processing","    if ('pass' === err) {","      err = undefined;","    }","    // an error or serialized object was obtained, done","    if (err || obj || obj === 0) { return done(err, obj); }","    ","    var layer = stack[i];","    if (!layer) {","      return done(new Error('Failed to serialize user into session'));","    }","    ","    ","    function serialized(e, o) {","      pass(i + 1, e, o);","    }","    ","    try {","      var arity = layer.length;","      if (arity == 3) {","        layer(req, user, serialized);","      } else {","        layer(user, serialized);","      }","    } catch(e) {","      return done(e);","    }","  })(0);","};","","/**"," * Registers a function used to deserialize user objects out of the session."," *"," * Examples:"," *"," *     passport.deserializeUser(function(id, done) {"," *       User.findById(id, function (err, user) {"," *         done(err, user);"," *       });"," *     });"," *"," * @api public"," */","Authenticator.prototype.deserializeUser = function(fn, req, done) {","  if (typeof fn === 'function') {","    return this._deserializers.push(fn);","  }","  ","  // private implementation that traverses the chain of deserializers,","  // attempting to deserialize a user","  var obj = fn;","","  // For backwards compatibility","  if (typeof req === 'function') {","    done = req;","    req = undefined;","  }","  ","  var stack = this._deserializers;","  (function pass(i, err, user) {","    // deserializers use 'pass' as an error to skip processing","    if ('pass' === err) {","      err = undefined;","    }","    // an error or deserialized user was obtained, done","    if (err || user) { return done(err, user); }","    // a valid user existed when establishing the session, but that user has","    // since been removed","    if (user === null || user === false) { return done(null, false); }","    ","    var layer = stack[i];","    if (!layer) {","      return done(new Error('Failed to deserialize user out of session'));","    }","    ","    ","    function deserialized(e, u) {","      pass(i + 1, e, u);","    }","    ","    try {","      var arity = layer.length;","      if (arity == 3) {","        layer(req, obj, deserialized);","      } else {","        layer(obj, deserialized);","      }","    } catch(e) {","      return done(e);","    }","  })(0);","};","","/**"," * Registers a function used to transform auth info."," *"," * In some circumstances authorization details are contained in authentication"," * credentials or loaded as part of verification."," *"," * For example, when using bearer tokens for API authentication, the tokens may"," * encode (either directly or indirectly in a database), details such as scope"," * of access or the client to which the token was issued."," *"," * Such authorization details should be enforced separately from authentication."," * Because Passport deals only with the latter, this is the responsiblity of"," * middleware or routes further along the chain.  However, it is not optimal to"," * decode the same data or execute the same database query later.  To avoid"," * this, Passport accepts optional `info` along with the authenticated `user`"," * in a strategy's `success()` action.  This info is set at `req.authInfo`,"," * where said later middlware or routes can access it."," *"," * Optionally, applications can register transforms to proccess this info,"," * which take effect prior to `req.authInfo` being set.  This is useful, for"," * example, when the info contains a client ID.  The transform can load the"," * client from the database and include the instance in the transformed info,"," * allowing the full set of client properties to be convieniently accessed."," *"," * If no transforms are registered, `info` supplied by the strategy will be left"," * unmodified."," *"," * Examples:"," *"," *     passport.transformAuthInfo(function(info, done) {"," *       Client.findById(info.clientID, function (err, client) {"," *         info.client = client;"," *         done(err, info);"," *       });"," *     });"," *"," * @api public"," */","Authenticato
[...]
     var strategy = Object.create(prototype);","      ","      ","      // ----- BEGIN STRATEGY AUGMENTATION -----","      // Augment the new strategy instance with action functions.  These action","      // functions are bound via closure the the request/response pair.  The end","      // goal of the strategy is to invoke *one* of these action methods, in","      // order to indicate successful or failed authentication, redirect to a","      // third-party identity provider, etc.","      ","      /**","       * Authenticate `user`, with optional `info`.","       *","       * Strategies should call this function to successfully authenticate a","       * user.  `user` should be an object supplied by the application after it","       * has been given an opportunity to verify credentials.  `info` is an","       * optional argument containing additional user information.  This is","       * useful for third-party authentication strategies to pass profile","       * details.","       *","       * @param {Object} user","       * @param {Object} info","       * @api public","       */","      strategy.success = function(user, info) {","        if (callback) {","          return callback(null, user, info);","        }","      ","        info = info || {};","        var msg;","      ","        if (options.successFlash) {","          var flash = options.successFlash;","          if (typeof flash == 'string') {","            flash = { type: 'success', message: flash };","          }","          flash.type = flash.type || 'success';","        ","          var type = flash.type || info.type || 'success';","          msg = flash.message || info.message || info;","          if (typeof msg == 'string') {","            req.flash(type, msg);","          }","        }","        if (options.successMessage) {","          msg = options.successMessage;","          if (typeof msg == 'boolean') {","            msg = info.message || info;","          }","          if (typeof msg == 'string') {","            req.session.messages = req.session.messages || [];","            req.session.messages.push(msg);","          }","        }","        if (options.assignProperty) {","          req[options.assignProperty] = user;","          return next();","        }","      ","        req.logIn(user, options, function(err) {","          if (err) { return next(err); }","          ","          function complete() {","            if (options.successReturnToOrRedirect) {","              var url = options.successReturnToOrRedirect;","              if (req.session && req.session.returnTo) {","                url = req.session.returnTo;","                delete req.session.returnTo;","              }","              return res.redirect(url);","            }","            if (options.successRedirect) {","              return res.redirect(options.successRedirect);","            }","            next();","          }","          ","          if (options.authInfo !== false) {","            passport.transformAuthInfo(info, req, function(err, tinfo) {","              if (err) { return next(err); }","              req.authInfo = tinfo;","              complete();","            });","          } else {","            complete();","          }","        });","      };","      ","      /**","       * Fail authentication, with optional `challenge` and `status`, defaulting","       * to 401.","       *","       * Strategies should call this function to fail an authentication attempt.","       *","       * @param {String} challenge","       * @param {Number} status","       * @api public","       */","      strategy.fail = function(challenge, status) {","        if (typeof challenge == 'number') {","          status = challenge;","          challenge = undefined;","        }","        ","        // push this failure into the accumulator and attempt authentication","        // using the next strategy","        failures.push({ challenge: challenge, status: status });","        attempt(i + 1);","      };","      ","      /**","       * Redirect to `url` with optional `status`, defaulting to 302.","       *","       * Strategies should call this function to redirect the user (via their","       * user agent) to a third-party website for authentication.","       *","       * @param {String} url","       * @param {Number} status","       * @api public","       */","      strategy.redirect = function(url, status) {","        // NOTE: Do not use `res.redirect` from Express, because it can't decide","        //       what it wants.","        //","        //       Express 2.x: res.redirect(url, status)","        //       Express 3.x: res.redirect(status, url) -OR- res.redirect(url, status)","        //         - as of 3.14.0, deprecated warnings are issued if res.redirect(url, status)","        //           is used","        //       Express 4.x: res.redirect(status, url)","        //         - all versions (as of 4.8.7) continue to accept res.redirect(url, status)","        //           but issue deprecated versions","        ","        res.statusCode = status || 302;","        res.setHeader('Location', url);","        res.setHeader('Content-Length', '0');","        res.end();","      };","      ","      /**","       * Pass without making a success or fail decision.","       *","       * Under most circumstances, Strategies should not need to call this","       * function.  It exists primarily to allow previous authentication state","       * to be restored, for example from an HTTP session.","       *","       * @api public","       */","      strategy.pass = function() {","        next();","      };","      ","      /**","       * Internal error while performing authentication.","       *","       * Strategies should call this function when an internal error occurs","       * during the process of performing authentication; for example, if the","       * user directory is not available.","       *","       * @param {Error} err","       * @api public","       */","      strategy.error = function(err) {","        if (callback) {","          return callback(err);","        }","        ","        next(err);","      };","      ","      // ----- END STRATEGY AUGMENTATION -----","    ","      strategy.authenticate(req, options);","    })(0); // attempt","  };","};",""],"l":{"4":1,"57":1,"58":0,"59":0,"60":0,"62":0,"64":0,"76":0,"77":0,"78":0,"81":0,"82":0,"84":0,"89":0,"91":1,"92":0,"93":0,"94":0,"96":0,"97":0,"98":0,"104":0,"108":0,"109":0,"110":0,"111":0,"113":0,"115":0,"116":0,"117":0,"118":0,"121":0,"122":0,"123":0,"124":0,"126":0,"127":0,"128":0,"131":0,"132":0,"140":0,"143":0,"144":0,"145":0,"146":0,"148":0,"149":0,"150":0,"154":0,"155":0,"156":0,"158":0,"159":0,"161":0,"164":0,"165":0,"167":0,"172":0,"173":0,"175":0,"199":0,"200":0,"201":0,"204":0,"205":0,"207":0,"208":0,"209":0,"210":0,"212":0,"214":0,"215":0,"216":0,"217":0,"220":0,"221":0,"222":0,"223":0,"225":0,"226":0,"227":0,"230":0,"231":0,"232":0,"235":0,"236":0,"238":1,"239":0,"240":0,"241":0,"242":0,"243":0,"245":0,"247":0,"248":0,"250":0,"253":0,"254":0,"255":0,"256":0,"257":0,"260":0,"275":0,"276":0,"277":0,"278":0,"283":0,"284":0,"297":0,"309":0,"310":0,"311":0,"312":0,"324":0,"325":0,"338":0,"339":0,"340":0,"343":0,"348":0}},"/home/travis/build/npmtest/node-npmtest-passport/passport/lib/http/request.js":{"path":"/home/travis/build/npmtest/node-npmtest-passport/passport/lib/http/request.js","s":{"1":1,"2":1,"3":0,"4":0,"5":0,"6":0,"7":0,"8":0,"9":0,"10":0,"11":0,"12":0,"13":0,"14":0,"15":0,"16":0,"17":0,"18":0,"19":0,"20":0,"21":0,"22":0,"23":0,"24":0,"25":0,"26":0,"27":0,"28":0,"29":0,"30":1,"31":0,"32":0,"33":0,"34":0,"35":0,"36":0,"37":1,"38":0,"39":0,"40":0,"41":0,"42":1,"43":0},"b":{"1":[0,0],"2":[0,0],"3":[0,0],"4":[0,0],"5":[0,0],"6":[0,0],"7":[0,0],"8":[0,0],"9":[0,0],"10":[0,0],"11":[0,0],"12":[0,0],"13":[0,0],"14":[0,0],"15":[0,0],"16":[0,0],"17":[0,0],"18":[0,0],"19":[0,0],"20":[0,0],"21":[0,0],"22":[0,0]},"f":{"1":0,"2":0,"3":0,"4":0,"5":0},"fnMap":{"1":{"name":"(anonymous_1)","line":31,"loc":{"start":{"line":31,"column":12},"end":{"line":31,"column":42}}},"2":{"name":"(anonymous_2)","line":50,"loc":{"start":{"line":50,"column":54},"end":{"line":50,"column":73}}},"3":{"name":"(anonymous_3)","line":73,"loc":{"start":{"line":73,"column":13},"end":{"line":73,"column":24}}},"4":{"name":"(anonymous_4)","line":91,"loc":{"start":{"line":91,"column":22},"end":{"line":91,"column":33}}},"5":{"name":"(anonymous_5)","line":106,"loc":{"start":{"line":106,"column":24},"end":{"line":106,"column":35}}}},"statementMap":{"1":{"start":{"line":8,"column":0},"end":{"line":8,"column":40}},"2":{"start":{"line":30,"column":0},"end":{"line":65,"column":2}},"3":{"start":{"line":32,"column":2},"end":{"line":35,"column":3}},"4":{"start":{"line":33,"column":4},"end":{"line":33,"column":19}},"5":{"start":{"line":34,"column":4},"end":{"line":34,"column":17}},"6":{"start":{"line":36,"column":2},"end":{"line":36,"column":26}},"7":{"start":{"line":38,"column":2},"end":{"line":38,"column":24}},"8":{"start":{"line":39,"column":2},"end":{"line":41,"column":3}},"9":{"start":{"line":40,"column":4},"end":{"line":40,"column":63}},"10":{"start":{"line":42,"column":2},"end":{"line":42,"column":73}},"11":{"start":{"line":44,"column":2},"end":{"line":44,"column":24}},"12":{"start":{"line":45,"column":2},"end":{"line":64,"column":3}},"13":{"start":{"line":46,"column":4},"end":{"line":46,"column":92}},"14":{"start":{"line":46,"column":27},"end":{"line":46,"column":90}},"15":{"start":{"line":47,"column":4},"end":{"line":47,"column":97}},"16":{"start":{"line":47,"column":37},"end":{"line":47,"column":95}},"17":{"start":{"line":49,"column":4},"end":{"line":49,"column":20}},"18":{"start":{"line":50,"column":4},"end":{"line":61,"column":7}},"19":{"start":{"line":51,"column":6},"end":{"line":51,"column":59}},"20":{"start":{"line":51,"column":17},"end":{"line":51,"column":39}},"21":{"start":{"line":51,"column":40},"end":{"line":51,"column":57}},"22":{"start":{"line":52,"column":6},"end":{"line":54,"column":7}},"23":{"start":{"line":53,"column":8},"end":{"line":53,"column":36}},"24":{"start":{"line":55,"column":6},"end":{"line":55,"column":40}},"25":{"start":{"line":56,"column":6},"end":{"line":58,"column":7}},"26":{"start":{"line":57,"column":8},"end":{"line":57,"column":26}},"27":{"start":{"line":59,"column":6},"end":{"line":59,"column":74}},"28":{"start":{"line":60,"column":6},"end":{"line":60,"column":13}},"29":{"start":{"line":63,"column":4},"end":{"line":63,"column":19}},"30":{"start":{"line":72,"column":0},"end":{"line":83,"column":2}},"31":{"start":{"line":74,"column":2},"end":{"line":74,"column":24}},"32":{"start":{"line":75,"column":2},"end":{"line":77,"column":3}},"33":{"start":{"line":76,"column":4},"end":{"line":76,"column":63}},"34":{"start":{"line":79,"column":2},"end":{"line":79,"column":24}},"35":{"start":{"line":80,"column":2},"end":{"line":82,"column":3}},"36":{"start":{"line":81,"column":4},"end":{"line":81,"column":39}},"37":{"start":{"line":91,"column":0},"end":{"line":98,"column":2}},"38":{"start":{"line":92,"column":2},"end":{"line":92,"column":24}},"39":{"start":{"line":93,"column":2},"end":{"line":95,"column":3}},"40":{"start":{"line":94,"column":4},"end":{"line":94,"column":63}},"41":{"start":{"line":97,"column":2},"end":{"line":97,"column":41}},"42":{"start":{"line":106,"column":0},"end":{"line":108,"column":2}},"43":{"start":{"line":107,"column":2},"end":{"line":107,"column":33}}},"branchMap":{"1":{"line":32,"type":"if","locations":[{"start":{"line":32,"column":2},"end":{"line":32,"column":2}},{"start":{"line":32,"column":2},"end":{"line":32,"column":2}}]},"2":{"line":36,"type":"binary-expr","locations":[{"start":{"line":36,"column":12},"end":{"line":36,"column":19}},{"start":{"line":36,"column":23},"end":{"line":36,"column":25}}]},"3":{"line":39,"type":"if","locations":[{"start":{"line":39,"column":2},"end":{"line":39,"column":2}},{"start":{"line":39,"column":2},"end":{"line":39,"column":2}}]},"4":{"line":39,"type":"binary-expr","locations":[{"start":{"line":39,"column":6},"end":{"line":39,"column":20}},{"start":{"line":39,"column":24},"end":{"line":39,"column":47}}]},"5":{"line":40,"type":"binary-expr","locations":[{"start":{"line":40,"column":15},"end":{"line":40,"column":52}},{"start":{"line":40,"column":56},"end":{"line":40,"column":62}}]},"6":{"line":42,"type":"cond-expr","locations":[{"start":{"line":42,"column":50},"end":{"line":42,"column":54}},{"start":{"line":42,"column":57},"end":{"line":42,"column":72}}]},"7":{"line":45,"type":"if","locations":[{"start":{"line":45,"column":2},"end":{"line":45,"column":2}},{"start":{"line":45,"column":2},"end":{"line":45,"column":2}}]},"8":{"line":46,"type":"if","locations":[{"start":{"line":46,"column":4},"end":{"line":46,"column":4}},{"start":{"line":46,"column":4},"end":{"line":46,"column":4}}]},"9":{"line":47,"type":"if","locations":[{"start":{"line":47,"column":4},"end":{"line":47,"column":4}},{"start":{"line":47,"column":4},"end":{"line":47,"column":4}}]},"10":{"line":51,"type":"if","locations":[{"start":{"line":51,"column":6},"end":{"line":51,"column":6}},{"start":{"line":51,"column":6},"end":{"line":51,"column":6}}]},"11":{"line":52,"type":"if","locations":[{"start":{"line":52,"column":6},"end":{"line":52,"column":6}},{"start":{"line":52,"column":6},"end":{"line":52,"column":6}}]},"12":{"line":56,"type":"if","locations":[{"start":{"line":56,"column":6},"end":{"line":56,"column":6}},{"start":{"line":56,"column":6},"end":{"line":56,"column":6}}]},"13":{"line":63,"type":"binary-expr","locations":[{"start":{"line":63,"column":4},"end":{"line":63,"column":8}},{"start":{"line":63,"column":12},"end":{"line":63,"column":18}}]},"14":{"line":75,"type":"if","locations":[{"start":{"line":75,"column":2},"end":{"line":75,"column":2}},{"start":{"line":75,"column":2},"end":{"line":75,"column":2}}]},"15":{"line":75,"type":"binary-expr","locations":[{"start":{"line":75,"column":6},"end":{"line":75,"column":20}},{"start":{"line":75,"column":24},"end":{"line":75,"column":47}}]},"16":{"line":76,"type":"binary-expr","locations":[{"start":{"line":76,"column":15},"end":{"line":76,"column":52}},{"start":{"line":76,"column":56},"end":{"line":76,"column":62}}]},"17":{"line":80,"type":"if","locations":[{"start":{"line":80,"column":2},"end":{"line":80,"column":2}},{"start":{"line":80,"column":2},"end":{"line":80,"column":2}}]},"18":{"line":80,"type":"binary-expr","locations":[{"start":{"line":80,"column":6},"end":{"line":80,"column":20}},{"start":{"line":80,"column":24},"end":{"line":80,"column":46}}]},"19":{"line":93,"type":"if","locations":[{"start":{"line":93,"column":2},"end":{"line":93,"column":2}},{"start":{"line":93,"column":2},"end":{"line":93,"column":2}}]},"20":{"line":93,"type":"binary-expr","locations":[{"start":{"line":93,"column":6},"end":{"line":93,"column":20}},{"start":{"line":93,"column":24},"end":{"line":93,"column":47}}]},"21":{"line":94,"type":"binary-expr","locations":[{"start":{"line":94,"column":15},"end":{"line":94,"column":52}},{"start":{"line":94,"column":56},"end":{"line":94,"column":62}}]},"22":{"line":97,"type":"cond-expr","locations":[{"start":{"line":97,"column":28},"end":{"line":97,"column":32}},{"start":{"line":97,"column":35},"end":{"line":97,"column":40}}]}},"code":["/**"," * Module dependencies."," */","//var http = require('http')","//  , req = http.IncomingMessage.prototype;","","","var req = exports = module.exports = {};","","/**"," * Intiate a login session for `user`."," *"," * Options:"," *   - `session`  Save login state in session, defaults to _true_"," *"," * Examples:"," *"," *     req.logIn(user, { session: false });"," *"," *     req.logIn(user, function(err) {"," *       if (err) { throw err; }"," *       // session saved"," *     });"," *"," * @param {User} user"," * @param {Object} options"," * @param {Function} done"," * @api public"," */","req.login =","req.logIn = function(user, options, done) {","  if (typeof options == 'function') {","    done = options;","    options = {};","  }","  options = options || {};","  ","  var property = 'user';","  if (this._passport && this._passport.instance) {","    property = this._passport.instance._userProperty || 'user';","  }","  var session = (options.session === undefined) ? true : options.session;","  ","  this[property] = user;","  if (session) {","    if (!this._passport) { throw new Error('passport.initialize() middleware not in use'); }","    if (typeof done != 'function') { throw new Error('req#login requires a callback function'); }","    ","    var self = this;","    this._passport.instance.serializeUser(user, this, function(err, obj) {","      if (err) { self[property] = null; return done(err); }","      if (!self._passport.session) {","        self._passport.session = {};","      }","      self._passport.session.user = obj;","      if (!self.session) {","        self.session = {};","      }","      self.session[self._passport.instance._key] = self._passport.session;","      done();","    });","  } else {","    done && done();","  }","};","","/**"," * Terminate an existing login session."," *"," * @api public"," */","req.logout =","req.logOut = function() {","  var property = 'user';","  if (this._passport && this._passport.instance) {","    property = this._passport.instance._userProperty || 'user';","  }","  ","  this[property] = null;","  if (this._passport && this._passport.session) {","    delete this._passport.session.user;","  }","};","","/**"," * Test if request is authenticated."," *"," * @return {Boolean}"," * @api public"," */","req.isAuthenticated = function() {","  var property = 'user';","  if (this._passport && this._passport.instance) {","    property = this._passport.instance._userProperty || 'user';","  }","  ","  return (this[property]) ? true : false;","};","","/**"," * Test if request is unauthenticated."," *"," * @return {Boolean}"," * @api public"," */","req.isUnauthenticated = function() {","  return !this.isAuthenticated();","};",""],"l":{"8":1,"30":1,"32":0,"33":0,"34":0,"36":0,"38":0,"39":0,"40":0,"42":0,"44":0,"45":0,"46":0,"47":0,"49":0,"50":0,"51":0,"52":0,"53":0,"55":0,"56":0,"57":0,"59":0,"60":0,"63":0,"72":1,"74":0,"75":0,"76":0,"79":0,"80":0,"81":0,"91":1,"92":0,"93":0,"94":0,"97":0,"106":1,"107":0}},"/home/travis/build/npmtest/node-npmtest-passport/passport/lib/errors/authenticationerror.js":{"path":"/home/travis/build/npmtest/node-npmtest-passport/passport/lib/errors/authenticationerror.js","s":{"1":1,"2":0,"3":0,"4":0,"5":0,"6":0,"7":1,"8":1},"b":{"1":[0,0]},"f":{"1":0},"fnMap":{"1":{"name":"AuthenticationError","line":6,"loc":{"start":{"line":6,"column":0},"end":{"line":6,"column":46}}}},"statementMap":{"1":{"start":{"line":6,"column":0},"end":{"line":12,"column":1}},"2":{"start":{"line":7,"column":2},"end":{"line":7,"column":19}},"3":{"start":{"line":8,"column":2},"end":{"line":8,"column":50}},"4":{"start":{"line":9,"column":2},"end":{"line":9,"column":36}},"5":{"start":{"line":10,"column":2},"end":{"line":10,"column":25}},"6":{"start":{"line":11,"column":2},"end":{"line":11,"column":30}},"7":{"start":{"line":17,"column":0},"end":{"line":17,"column":58}},"8":{"start":{"line":23,"column":0},"end":{"line":23,"column":37}}},"branchMap":{"1":{"line":11,"type":"binary-expr","locations":[{"start":{"line":11,"column":16},"end":{"line":11,"column":22}},{"start":{"line":11,"column":26},"end":{"line":11,"column":29}}]}},"code":["/**"," * `AuthenticationError` error."," *"," * @api private"," */","function AuthenticationError(message, status) {","  Error.call(this);","  Error.captureStackTrace(this, arguments.callee);","  this.name = 'AuthenticationError';","  this.message = message;","  this.status = status || 401;","}","","/**"," * Inherit from `Error`."," */","AuthenticationError.prototype.__proto__ = Error.prototype;","","","/**"," * Expose `AuthenticationError`."," */","module.exports = AuthenticationError;",""],"l":{"6":1,"7":0,"8":0,"9":0,"10":0,"11":0,"17":1,"23":1}}}